2025-06-17 17:27:40,093 - [32mINFO[0m - ============================================================
2025-06-17 17:27:40,094 - [32mINFO[0m - TWISSTNTERN Analysis Session
2025-06-17 17:27:40,094 - [32mINFO[0m - ============================================================
2025-06-17 17:27:40,094 - [32mINFO[0m - Python version: 3.10.12 (main, Feb  4 2025, 14:57:36) [GCC 11.4.0]
2025-06-17 17:27:40,097 - [32mINFO[0m - Platform: Linux-5.15.0-141-generic-x86_64-with-glibc2.35
2025-06-17 17:27:40,097 - [32mINFO[0m - Working directory: /home/hlifchit/twisstntern2.0
2025-06-17 17:27:40,097 - [32mINFO[0m - Starting TWISSTNTERN analysis
2025-06-17 17:27:40,098 - [32mINFO[0m - Input file: /home/hlifchit/twisstntern2.0/treeSfiles/CHROM_pop_plain.newick
2025-06-17 17:27:40,098 - [32mINFO[0m - Output directory: res
2025-06-17 17:27:40,098 - [32mINFO[0m - granularity: 0.1
2025-06-17 17:27:40,098 - [32mINFO[0m - taxon_names: ['O', 'P1', 'P2', 'P3']
2025-06-17 17:27:40,098 - [32mINFO[0m - outgroup: O
2025-06-17 17:27:40,098 - [32mINFO[0m - verbose: False
2025-06-17 17:27:40,098 - [32mINFO[0m - Output directory: res
2025-06-17 17:27:40,098 - [32mINFO[0m - Detected file type: tree
2025-06-17 17:27:40,098 - [32mINFO[0m - Processing tree file to generate topology weights...
2025-06-17 17:27:40,116 - [32mINFO[0m - Detected tree format: newick
2025-06-17 17:27:40,116 - [32mINFO[0m - Using taxon names: ['O', 'P1', 'P2', 'P3']
2025-06-17 17:27:40,116 - [32mINFO[0m - Using outgroup: O
2025-06-17 17:27:40,117 - [32mINFO[0m - Converting trees to topology weights...
2025-06-17 17:28:25,068 - INFO - Newick file topologies (default order)
2025-06-17 17:28:25,068 - INFO - ==================================================
2025-06-17 17:28:25,068 - INFO - T1:
2025-06-17 17:28:25,068 - INFO -   String: (O,(P1,(P2,P3)));
2025-06-17 17:28:25,068 - INFO -   ASCII Tree:
2025-06-17 17:28:25,068 - INFO -        /-O
2025-06-17 17:28:25,068 - INFO -     --|
2025-06-17 17:28:25,068 - INFO -       |   /-P1
2025-06-17 17:28:25,068 - INFO -        \-|
2025-06-17 17:28:25,068 - INFO -          |   /-P2
2025-06-17 17:28:25,068 - INFO -           \-|
2025-06-17 17:28:25,068 - INFO -              \-P3
2025-06-17 17:28:25,068 - INFO - 
2025-06-17 17:28:25,068 - INFO - T2:
2025-06-17 17:28:25,068 - INFO -   String: (O,(P2,(P1,P3)));
2025-06-17 17:28:25,068 - INFO -   ASCII Tree:
2025-06-17 17:28:25,068 - INFO -        /-O
2025-06-17 17:28:25,068 - INFO -     --|
2025-06-17 17:28:25,069 - INFO -       |   /-P2
2025-06-17 17:28:25,069 - INFO -        \-|
2025-06-17 17:28:25,069 - INFO -          |   /-P1
2025-06-17 17:28:25,069 - INFO -           \-|
2025-06-17 17:28:25,069 - INFO -              \-P3
2025-06-17 17:28:25,069 - INFO - 
2025-06-17 17:28:25,069 - INFO - T3:
2025-06-17 17:28:25,069 - INFO -   String: (O,(P3,(P1,P2)));
2025-06-17 17:28:25,069 - INFO -   ASCII Tree:
2025-06-17 17:28:25,069 - INFO -        /-O
2025-06-17 17:28:25,069 - INFO -     --|
2025-06-17 17:28:25,069 - INFO -       |   /-P3
2025-06-17 17:28:25,069 - INFO -        \-|
2025-06-17 17:28:25,069 - INFO -          |   /-P1
2025-06-17 17:28:25,069 - INFO -           \-|
2025-06-17 17:28:25,069 - INFO -              \-P2
2025-06-17 17:28:25,069 - INFO - 
2025-06-17 17:28:25,069 - INFO - ==================================================
2025-06-17 17:28:25,096 - [32mINFO[0m - Generated topology weights CSV: res/CHROM_pop_plain_topology_weights.csv
2025-06-17 17:28:25,096 - [32mINFO[0m - Loading data from: res/CHROM_pop_plain_topology_weights.csv
2025-06-17 17:28:27,730 - [32mINFO[0m - Loaded data shape: (11400, 3)
2025-06-17 17:28:27,730 - [32mINFO[0m - Running triangle analysis...
2025-06-17 17:28:27,855 - [32mINFO[0m - Triangle analysis completed. Results shape: (45, 7)
2025-06-17 17:28:27,855 - [32mINFO[0m - Running fundamental asymmetry analysis...
2025-06-17 17:28:27,857 - [32mINFO[0m - Fundamental asymmetry: D_LR=0.3837, p-value=0.0000e+00
2025-06-17 17:28:27,857 - [32mINFO[0m - Generating visualizations...
2025-06-17 17:28:30,973 - [32mINFO[0m - Saving results...
2025-06-17 17:28:30,975 - [32mINFO[0m - Saved triangle analysis results to: res/CHROM_pop_plain_triangle_analysis.csv
2025-06-17 17:28:30,975 - [32mINFO[0m - Analysis pipeline completed successfully!
2025-06-17 17:28:30,976 - [32mINFO[0m - ============================================================
2025-06-17 17:28:30,976 - [32mINFO[0m - Analysis completed successfully!
2025-06-17 17:28:30,976 - [32mINFO[0m - Total duration: 50.88 seconds
2025-06-17 17:28:30,976 - [32mINFO[0m - Generated files:
2025-06-17 17:28:30,976 - [32mINFO[0m -   ✓ res/CHROM_pop_plain_topology_weights.csv (228,559 bytes)
2025-06-17 17:28:30,976 - [32mINFO[0m -   ✓ res/CHROM_pop_plain_triangle_analysis.csv (3,005 bytes)
2025-06-17 17:28:30,976 - [32mINFO[0m -   ✓ res/CHROM_pop_plain_index_granularity_0.1.png (288,096 bytes)
2025-06-17 17:28:30,976 - [32mINFO[0m -   ✓ res/CHROM_pop_plain_analysis_granularity_0.1.png (288,074 bytes)
2025-06-17 17:28:30,976 - [32mINFO[0m -   ✓ res/CHROM_pop_plain_granuality_0.1.png (1,295,254 bytes)
2025-06-17 17:28:30,976 - [32mINFO[0m -   ✓ res/twisstntern_20250617_172740.log (5,174 bytes)
2025-06-17 17:28:30,976 - [32mINFO[0m -   ✓ res/CHROM_pop_plain_fundamental_asymmetry.png (78,525 bytes)
2025-06-17 17:28:30,976 - [32mINFO[0m - ============================================================
