2025-06-19 09:48:15,877 - [32mINFO[0m - ============================================================
2025-06-19 09:48:15,877 - [32mINFO[0m - TWISSTNTERN Analysis Session
2025-06-19 09:48:15,877 - [32mINFO[0m - ============================================================
2025-06-19 09:48:15,877 - [32mINFO[0m - Python version: 3.10.12 (main, May 27 2025, 17:12:29) [GCC 11.4.0]
2025-06-19 09:48:15,884 - [32mINFO[0m - Platform: Linux-5.15.0-141-generic-x86_64-with-glibc2.35
2025-06-19 09:48:15,884 - [32mINFO[0m - Working directory: /home/hlifchit/twisstntern2.0
2025-06-19 09:48:15,884 - [32mINFO[0m - Starting TWISSTNTERN analysis
2025-06-19 09:48:15,884 - [32mINFO[0m - Input file: /home/hlifchit/twisstntern2.0/config_template.yaml
2025-06-19 09:48:15,884 - [32mINFO[0m - Output directory: Resultsm
2025-06-19 09:48:15,884 - [32mINFO[0m - granularity: 0.1
2025-06-19 09:48:15,884 - [32mINFO[0m - topology_mapping: T1=(0,(1,(2,3))); T2=(0,(3,(1,2))); T3=(0,(2,(1,3)));
2025-06-19 09:48:15,884 - [32mINFO[0m - verbose: False
2025-06-19 09:48:15,884 - [32mINFO[0m - ---------------------------------------------------------
2025-06-19 09:48:15,884 - [32mINFO[0m - Starting twisstntern_simulate pipeline
2025-06-19 09:48:15,884 - [32mINFO[0m - ---------------------------------------------------------
2025-06-19 09:48:15,884 - [32mINFO[0m - Loading configuration...
2025-06-19 09:48:15,893 - [32mINFO[0m - Override applied: migration.p2>p1: 0.0 -> 0.5
2025-06-19 09:48:15,893 - [32mINFO[0m - Override applied: migration.p1>p2: 0.0 -> 0.7
2025-06-19 09:48:15,893 - [32mINFO[0m - Configuration loaded - Mode: chromosome, Seed: 4576
2025-06-19 09:48:15,893 - [32mINFO[0m - ============================================================
2025-06-19 09:48:15,893 - [32mINFO[0m - SIMULATION CONFIGURATION
2025-06-19 09:48:15,893 - [32mINFO[0m - ============================================================
2025-06-19 09:48:15,893 - [32mINFO[0m - Simulation mode: chromosome
2025-06-19 09:48:15,893 - [32mINFO[0m - Random seed: 4576
2025-06-19 09:48:15,894 - [32mINFO[0m - Number of populations: 7
2025-06-19 09:48:15,894 - [32mINFO[0m -   O (Outgroup): Ne=1000.0, samples=10
2025-06-19 09:48:15,894 - [32mINFO[0m -   p1 (Population 1): Ne=1000.0, samples=10
2025-06-19 09:48:15,894 - [32mINFO[0m -   p2 (Population 2): Ne=1000.0, samples=10
2025-06-19 09:48:15,894 - [32mINFO[0m -   p3 (Population 3): Ne=1000.0, samples=10
2025-06-19 09:48:15,894 - [32mINFO[0m -   p23 (Ancestor p2/p3): Ne=1000.0 (ancestral)
2025-06-19 09:48:15,894 - [32mINFO[0m -   p123 (Ancestor p1/p2/p3): Ne=1000.0 (ancestral)
2025-06-19 09:48:15,894 - [32mINFO[0m -   ANC (Ancestral): Ne=1000.0 (ancestral)
2025-06-19 09:48:15,894 - [32mINFO[0m - Migration rates:
2025-06-19 09:48:15,894 - [32mINFO[0m -   p1>p2 (Population 1 → Population 2): 0.7
2025-06-19 09:48:15,894 - [32mINFO[0m -   p2>p1 (Population 2 → Population 1): 0.5
2025-06-19 09:48:15,894 - [32mINFO[0m -   p1>p3 (Population 1 → Population 3): 0.0
2025-06-19 09:48:15,894 - [32mINFO[0m -   p3>p1 (Population 3 → Population 1): 0.0
2025-06-19 09:48:15,894 - [32mINFO[0m -   p2>p3 (Population 2 → Population 3): 0.0
2025-06-19 09:48:15,894 - [32mINFO[0m -   p3>p2 (Population 3 → Population 2): 0.0
2025-06-19 09:48:15,894 - [32mINFO[0m -   O>p1 (Outgroup → Population 1): 0.0
2025-06-19 09:48:15,894 - [32mINFO[0m -   p1>O (Population 1 → Outgroup): 0.0
2025-06-19 09:48:15,894 - [32mINFO[0m -   O>p2 (Outgroup → Population 2): 0.0
2025-06-19 09:48:15,894 - [32mINFO[0m -   p2>O (Population 2 → Outgroup): 0.0
2025-06-19 09:48:15,894 - [32mINFO[0m -   O>p3 (Outgroup → Population 3): 0.0
2025-06-19 09:48:15,894 - [32mINFO[0m -   p3>O (Population 3 → Outgroup): 0.0
2025-06-19 09:48:15,894 - [32mINFO[0m -   p23>p1 (Ancestor p2/p3 → Population 1): 0.0
2025-06-19 09:48:15,894 - [32mINFO[0m -   p1>p23 (Population 1 → Ancestor p2/p3): 0.0
2025-06-19 09:48:15,894 - [32mINFO[0m -   O>p123 (Outgroup → Ancestor p1/p2/p3): 0.0
2025-06-19 09:48:15,894 - [32mINFO[0m -   p123>O (Ancestor p1/p2/p3 → Outgroup): 0.0
2025-06-19 09:48:15,894 - [32mINFO[0m - Chromosome length: 100000000.0
2025-06-19 09:48:15,894 - [32mINFO[0m - Recombination rate: 1e-08
2025-06-19 09:48:15,895 - [32mINFO[0m - Mutation rate: 0
2025-06-19 09:48:15,895 - [32mINFO[0m - Ploidy: 1
2025-06-19 09:48:15,895 - [32mINFO[0m - Command-line overrides applied:
2025-06-19 09:48:15,895 - [32mINFO[0m -   migration.p2>p1: 0.0 -> 0.5
2025-06-19 09:48:15,895 - [32mINFO[0m -   migration.p1>p2: 0.0 -> 0.7
2025-06-19 09:48:15,895 - [32mINFO[0m -   topology_mapping: T1=(0,(1,(2,3))); T2=(0,(3,(1,2))); T3=(0,(2,(1,3)));
2025-06-19 09:48:15,895 - [32mINFO[0m - ============================================================
2025-06-19 09:48:15,895 - [32mINFO[0m - Running msprime simulation...
2025-06-19 09:48:18,182 - [32mINFO[0m - Simulation completed
2025-06-19 09:48:18,182 - [32mINFO[0m - Trees saved to: Resultsm/chromosome_trees.newick
2025-06-19 09:48:18,182 - [32mINFO[0m - Checking twisst availability...
2025-06-19 09:48:18,182 - [32mINFO[0m - Processing tree sequences...
2025-06-19 09:49:38,997 - INFO - Applied topology mapping
2025-06-19 09:49:38,997 - INFO - ==================================================
2025-06-19 09:49:38,997 - INFO - Population Legend:
2025-06-19 09:49:38,997 - INFO - --------------------
2025-06-19 09:49:38,997 - INFO -   0 = Outgroup
2025-06-19 09:49:38,997 - INFO -   1 = Population 1
2025-06-19 09:49:38,997 - INFO -   2 = Population 2
2025-06-19 09:49:38,997 - INFO -   3 = Population 3
2025-06-19 09:49:38,997 - INFO - 
2025-06-19 09:49:38,997 - INFO - T1:
2025-06-19 09:49:38,997 - INFO -   String: (0,(1,(2,3)));
2025-06-19 09:49:38,997 - INFO -   ASCII Tree:
2025-06-19 09:49:38,997 - INFO -        /-0
2025-06-19 09:49:38,997 - INFO -     --|
2025-06-19 09:49:38,997 - INFO -       |   /-1
2025-06-19 09:49:38,997 - INFO -        \-|
2025-06-19 09:49:38,997 - INFO -          |   /-2
2025-06-19 09:49:38,997 - INFO -           \-|
2025-06-19 09:49:38,997 - INFO -              \-3
2025-06-19 09:49:38,997 - INFO - 
2025-06-19 09:49:38,997 - INFO - T2:
2025-06-19 09:49:38,997 - INFO -   String: (0,(3,(1,2)));
2025-06-19 09:49:38,997 - INFO -   ASCII Tree:
2025-06-19 09:49:38,997 - INFO -        /-0
2025-06-19 09:49:38,997 - INFO -     --|
2025-06-19 09:49:38,997 - INFO -       |   /-3
2025-06-19 09:49:38,997 - INFO -        \-|
2025-06-19 09:49:38,997 - INFO -          |   /-1
2025-06-19 09:49:38,997 - INFO -           \-|
2025-06-19 09:49:38,997 - INFO -              \-2
2025-06-19 09:49:38,997 - INFO - 
2025-06-19 09:49:38,997 - INFO - T3:
2025-06-19 09:49:38,997 - INFO -   String: (0,(2,(1,3)));
2025-06-19 09:49:38,997 - INFO -   ASCII Tree:
2025-06-19 09:49:38,997 - INFO -        /-0
2025-06-19 09:49:38,997 - INFO -     --|
2025-06-19 09:49:38,997 - INFO -       |   /-2
2025-06-19 09:49:38,997 - INFO -        \-|
2025-06-19 09:49:38,997 - INFO -          |   /-1
2025-06-19 09:49:38,997 - INFO -           \-|
2025-06-19 09:49:38,997 - INFO -              \-3
2025-06-19 09:49:38,997 - INFO - 
2025-06-19 09:49:38,997 - INFO - ==================================================
2025-06-19 09:49:39,016 - [32mINFO[0m - Tree processing completed - weights saved to: Resultsm/chromosome_topology_weights.csv
2025-06-19 09:49:39,016 - [32mINFO[0m - Running triangle analysis...
2025-06-19 09:49:39,080 - [32mINFO[0m - Running fundamental asymmetry analysis...
2025-06-19 09:49:39,082 - [32mINFO[0m - ============================================================
2025-06-19 09:49:39,082 - [32mINFO[0m - FUNDAMENTAL ASYMMETRY RESULTS
2025-06-19 09:49:39,082 - [32mINFO[0m - ============================================================
2025-06-19 09:49:39,082 - [32mINFO[0m - Data file used: Resultsm/chromosome_topology_weights.csv
2025-06-19 09:49:39,082 - [32mINFO[0m - Total trees computed: 11311 (n_right + n_left = 11303)
2025-06-19 09:49:39,082 - [32mINFO[0m - Note: 8 trees were filtered out (trees where T2 = T3, which fall exactly on the y-axis in ternary space)
2025-06-19 09:49:39,082 - [32mINFO[0m - n_right: 4336
2025-06-19 09:49:39,082 - [32mINFO[0m - n_left: 6967
2025-06-19 09:49:39,082 - [32mINFO[0m - D_LR: -0.2328
2025-06-19 09:49:39,082 - [32mINFO[0m - G-test: nan
2025-06-19 09:49:39,082 - [32mINFO[0m - p-value: 0.0000e+00
2025-06-19 09:49:39,082 - [32mINFO[0m - ============================================================
2025-06-19 09:49:39,082 - [32mINFO[0m - Generating visualizations...
2025-06-19 09:49:40,639 - [32mINFO[0m - Saved triangle analysis results to: Resultsm/chromosome_triangle_analysis.csv
2025-06-19 09:49:40,639 - [32mINFO[0m - Analysis pipeline completed successfully!
2025-06-19 09:49:40,639 - [32mINFO[0m - Pipeline completed successfully - Results in: Resultsm
2025-06-19 09:49:40,639 - [32mINFO[0m - ============================================================
2025-06-19 09:49:40,639 - [32mINFO[0m - Analysis completed successfully!
2025-06-19 09:49:40,639 - [32mINFO[0m - Total duration: 84.75 seconds
2025-06-19 09:49:40,639 - [32mINFO[0m - Generated files:
2025-06-19 09:49:40,639 - [32mINFO[0m -   ✓ Resultsm/twisstntern_20250619_094815.log (9,268 bytes)
2025-06-19 09:49:40,639 - [32mINFO[0m -   ✓ Resultsm/chromosome_analysis_granularity_0.1.png (277,727 bytes)
2025-06-19 09:49:40,639 - [32mINFO[0m -   ✓ Resultsm/chromosome_index_granularity_0.1.png (288,096 bytes)
2025-06-19 09:49:40,639 - [32mINFO[0m -   ✓ Resultsm/chromosome_trees.newick (19,345,307 bytes)
2025-06-19 09:49:40,639 - [32mINFO[0m -   ✓ Resultsm/chromosome_fundamental_asymmetry.png (79,474 bytes)
2025-06-19 09:49:40,639 - [32mINFO[0m -   ✓ Resultsm/chromosome_granuality_0.1.png (1,090,399 bytes)
2025-06-19 09:49:40,639 - [32mINFO[0m -   ✓ Resultsm/chromosome_topology_weights.csv (227,560 bytes)
2025-06-19 09:49:40,639 - [32mINFO[0m -   ✓ Resultsm/chromosome_triangle_analysis.csv (2,895 bytes)
2025-06-19 09:49:40,639 - [32mINFO[0m - ============================================================
