2025-06-26 12:00:02,189 - [32mINFO[0m - ============================================================
2025-06-26 12:00:02,189 - [32mINFO[0m - TWISSTNTERN Analysis Session
2025-06-26 12:00:02,189 - [32mINFO[0m - ============================================================
2025-06-26 12:00:02,189 - [32mINFO[0m - Python version: 3.11.13 (main, Jun  5 2025, 13:12:00) [GCC 11.2.0]
2025-06-26 12:00:02,192 - [32mINFO[0m - Platform: Linux-6.11.0-26-generic-x86_64-with-glibc2.39
2025-06-26 12:00:02,192 - [32mINFO[0m - Working directory: /home/hlifchit/projects/twissting_baby
2025-06-26 12:00:02,192 - [32mINFO[0m - Starting TWISSTNTERN analysis
2025-06-26 12:00:02,192 - [32mINFO[0m - Input file: /home/hlifchit/projects/twissting_baby/dataCompare/NoMigration_topology_weights.csv
2025-06-26 12:00:02,192 - [32mINFO[0m - Output directory: colors
2025-06-26 12:00:02,192 - [32mINFO[0m - granularity: 0.1
2025-06-26 12:00:02,192 - [32mINFO[0m - verbose: False
2025-06-26 12:00:02,193 - [32mINFO[0m - Output directory: colors
2025-06-26 12:00:02,193 - [32mINFO[0m - Detected file type: csv
2025-06-26 12:00:02,193 - [32mINFO[0m - Using CSV file directly for analysis
2025-06-26 12:00:02,193 - [32mINFO[0m - Loading data from: /home/hlifchit/projects/twissting_baby/dataCompare/NoMigration_topology_weights.csv
2025-06-26 12:00:02,193 - [32mINFO[0m - No topology header row detected. Assuming columns are T1, T2, T3 (in order).
2025-06-26 12:00:05,013 - [32mINFO[0m - Loaded data shape: (11559, 3)
2025-06-26 12:00:05,013 - [32mINFO[0m - Running triangle analysis...
2025-06-26 12:00:05,046 - [32mINFO[0m - Triangle analysis completed. Results shape: (45, 7)
2025-06-26 12:00:05,046 - [32mINFO[0m - Running fundamental asymmetry analysis...
2025-06-26 12:00:05,047 - [32mINFO[0m - ============================================================
2025-06-26 12:00:05,047 - [32mINFO[0m - FUNDAMENTAL ASYMMETRY RESULTS
2025-06-26 12:00:05,047 - [32mINFO[0m - ============================================================
2025-06-26 12:00:05,047 - [32mINFO[0m - Data file used: /home/hlifchit/projects/twissting_baby/dataCompare/NoMigration_topology_weights.csv
2025-06-26 12:00:05,047 - [32mINFO[0m - Total data points before downsampling: 11559
2025-06-26 12:00:05,047 - [32mINFO[0m - Total data points used in symmetry analysis: 11559 (n_right + n_left = 11559)
2025-06-26 12:00:05,047 - [32mINFO[0m - Note: 0 data points were filtered out (where T2 = T3, which fall exactly on the y-axis in ternary space)
2025-06-26 12:00:05,047 - [32mINFO[0m - n_right: 5823
2025-06-26 12:00:05,047 - [32mINFO[0m - n_left: 5736
2025-06-26 12:00:05,047 - [32mINFO[0m - D_LR: 0.0075
2025-06-26 12:00:05,047 - [32mINFO[0m - G-test: 0.6548
2025-06-26 12:00:05,047 - [32mINFO[0m - p-value: 4.1839e-01
2025-06-26 12:00:05,047 - [32mINFO[0m - ============================================================
2025-06-26 12:00:05,047 - [32mINFO[0m - Generating visualizations...
2025-06-26 12:00:06,584 - [32mINFO[0m - Saving results...
2025-06-26 12:00:06,585 - [32mINFO[0m - Saved triangle analysis results to: colors/NoMigration_topology_weights_triangle_analysis.csv
2025-06-26 12:00:06,585 - [32mINFO[0m - Analysis pipeline completed successfully!
2025-06-26 12:00:06,585 - [32mINFO[0m - ============================================================
2025-06-26 12:00:06,585 - [32mINFO[0m - Analysis completed successfully!
2025-06-26 12:00:06,585 - [32mINFO[0m - Total duration: 4.39 seconds
2025-06-26 12:00:06,585 - [32mINFO[0m - Generated files:
2025-06-26 12:00:06,585 - [32mINFO[0m -   ✓ colors/NoMigration_topology_weights_index_granularity_0.1.png (288,097 bytes)
2025-06-26 12:00:06,585 - [32mINFO[0m -   ✓ colors/twisstntern_20250626_114630.log (7,872 bytes)
2025-06-26 12:00:06,585 - [32mINFO[0m -   ✓ colors/twisstntern_20250626_095926.log (3,238 bytes)
2025-06-26 12:00:06,585 - [32mINFO[0m -   ✓ colors/twisstntern_20250626_113708.log (6,761 bytes)
2025-06-26 12:00:06,585 - [32mINFO[0m -   ✓ colors/twisstntern_20250626_115718.log (8,579 bytes)
2025-06-26 12:00:06,585 - [32mINFO[0m -   ✓ colors/twisstntern_20250626_113404.log (6,559 bytes)
2025-06-26 12:00:06,585 - [32mINFO[0m -   ✓ colors/twisstntern_20250626_115000.log (8,074 bytes)
2025-06-26 12:00:06,585 - [32mINFO[0m -   ✓ colors/twisstntern_20250626_114001.log (7,064 bytes)
2025-06-26 12:00:06,585 - [32mINFO[0m -   ✓ colors/twisstntern_20250626_115036.log (8,175 bytes)
2025-06-26 12:00:06,585 - [32mINFO[0m -   ✓ colors/twisstntern_20250626_112647.log (6,256 bytes)
2025-06-26 12:00:06,585 - [32mINFO[0m -   ✓ colors/twisstntern_20250626_102653.log (5,347 bytes)
2025-06-26 12:00:06,586 - [32mINFO[0m -   ✓ colors/twisstntern_20250626_100630.log (4,842 bytes)
2025-06-26 12:00:06,586 - [32mINFO[0m -   ✓ colors/twisstntern_20250626_100029.log (4,741 bytes)
2025-06-26 12:00:06,586 - [32mINFO[0m -   ✓ colors/twisstntern_20250626_111444.log (5,852 bytes)
2025-06-26 12:00:06,586 - [32mINFO[0m -   ✓ colors/twisstntern_20250626_112220.log (6,054 bytes)
2025-06-26 12:00:06,586 - [32mINFO[0m -   ✓ colors/twisstntern_20250626_114446.log (7,670 bytes)
2025-06-26 12:00:06,586 - [32mINFO[0m -   ✓ colors/twisstntern_20250626_114122.log (7,165 bytes)
2025-06-26 12:00:06,586 - [32mINFO[0m -   ✓ colors/NoMigration_topology_weights_heatmap_count.png (387,155 bytes)
2025-06-26 12:00:06,586 - [32mINFO[0m -   ✓ colors/twisstntern_20250626_102831.log (5,448 bytes)
2025-06-26 12:00:06,586 - [32mINFO[0m -   ✓ colors/twisstntern_20250626_115317.log (8,276 bytes)
2025-06-26 12:00:06,586 - [32mINFO[0m -   ✓ colors/twisstntern_20250626_120002.log (5,657 bytes)
2025-06-26 12:00:06,586 - [32mINFO[0m -   ✓ colors/NoMigration_topology_weights_analysis_granularity_0.1.png (318,327 bytes)
2025-06-26 12:00:06,586 - [32mINFO[0m -   ✓ colors/twisstntern_20250626_110721.log (5,549 bytes)
2025-06-26 12:00:06,586 - [32mINFO[0m -   ✓ colors/twisstntern_20250626_112852.log (6,357 bytes)
2025-06-26 12:00:06,586 - [32mINFO[0m -   ✓ colors/twisstntern_20250626_114524.log (7,771 bytes)
2025-06-26 12:00:06,586 - [32mINFO[0m -   ✓ colors/twisstntern_20250626_115441.log (8,377 bytes)
2025-06-26 12:00:06,586 - [32mINFO[0m -   ✓ colors/twisstntern_20250626_100737.log (4,943 bytes)
2025-06-26 12:00:06,586 - [32mINFO[0m -   ✓ colors/twisstntern_20250626_113156.log (6,458 bytes)
2025-06-26 12:00:06,586 - [32mINFO[0m -   ✓ colors/NoMigration_topology_weights_triangle_analysis.csv (3,034 bytes)
2025-06-26 12:00:06,586 - [32mINFO[0m -   ✓ colors/twisstntern_20250626_102316.log (5,145 bytes)
2025-06-26 12:00:06,586 - [32mINFO[0m -   ✓ colors/twisstntern_20250626_114229.log (7,367 bytes)
2025-06-26 12:00:06,586 - [32mINFO[0m -   ✓ colors/twisstntern_20250626_114306.log (7,468 bytes)
2025-06-26 12:00:06,586 - [32mINFO[0m -   ✓ colors/twisstntern_20250626_115600.log (8,478 bytes)
2025-06-26 12:00:06,586 - [32mINFO[0m -   ✓ colors/twisstntern_20250626_102515.log (5,246 bytes)
2025-06-26 12:00:06,586 - [32mINFO[0m -   ✓ colors/twisstntern_20250626_112350.log (6,155 bytes)
2025-06-26 12:00:06,586 - [32mINFO[0m -   ✓ colors/twisstntern_20250626_113552.log (6,660 bytes)
2025-06-26 12:00:06,586 - [32mINFO[0m -   ✓ colors/twisstntern_20250626_111917.log (5,953 bytes)
2025-06-26 12:00:06,586 - [32mINFO[0m -   ✓ colors/twisstntern_20250626_115754.log (8,680 bytes)
2025-06-26 12:00:06,586 - [32mINFO[0m -   ✓ colors/twisstntern_20250626_095525.log (3,238 bytes)
2025-06-26 12:00:06,586 - [32mINFO[0m -   ✓ colors/twisstntern_20250626_113913.log (6,963 bytes)
2025-06-26 12:00:06,586 - [32mINFO[0m -   ✓ colors/twisstntern_20250626_110838.log (5,650 bytes)
2025-06-26 12:00:06,586 - [32mINFO[0m -   ✓ colors/twisstntern_20250626_114154.log (7,266 bytes)
2025-06-26 12:00:06,586 - [32mINFO[0m -   ✓ colors/NoMigration_topology_weights_fundamental_asymmetry.png (103,656 bytes)
2025-06-26 12:00:06,586 - [32mINFO[0m -   ✓ colors/twisstntern_20250626_114906.log (7,973 bytes)
2025-06-26 12:00:06,586 - [32mINFO[0m -   ✓ colors/twisstntern_20250626_114352.log (7,569 bytes)
2025-06-26 12:00:06,586 - [32mINFO[0m -   ✓ colors/twisstntern_20250626_115846.log (8,781 bytes)
2025-06-26 12:00:06,586 - [32mINFO[0m -   ✓ colors/twisstntern_20250626_113802.log (6,862 bytes)
2025-06-26 12:00:06,586 - [32mINFO[0m -   ✓ colors/twisstntern_20250626_111353.log (5,751 bytes)
2025-06-26 12:00:06,586 - [32mINFO[0m -   ✓ colors/twisstntern_20250626_101107.log (5,044 bytes)
2025-06-26 12:00:06,586 - [32mINFO[0m -   ✓ colors/NoMigration_topology_weights_granuality_0.1.png (1,295,185 bytes)
2025-06-26 12:00:06,586 - [32mINFO[0m - ============================================================
