2025-06-24 17:49:36,805 - [32mINFO[0m - ============================================================
2025-06-24 17:49:36,805 - [32mINFO[0m - TWISSTNTERN Analysis Session
2025-06-24 17:49:36,805 - [32mINFO[0m - ============================================================
2025-06-24 17:49:36,805 - [32mINFO[0m - Python version: 3.11.13 (main, Jun  5 2025, 13:12:00) [GCC 11.2.0]
2025-06-24 17:49:36,806 - [32mINFO[0m - Platform: Linux-6.11.0-26-generic-x86_64-with-glibc2.39
2025-06-24 17:49:36,807 - [32mINFO[0m - Working directory: /home/hlifchit/projects/twissting_baby
2025-06-24 17:49:36,807 - [32mINFO[0m - Starting TWISSTNTERN analysis
2025-06-24 17:49:36,807 - [32mINFO[0m - Input file: /home/hlifchit/projects/twissting_baby/csv files/gene_flow_sims/ne0.20.csv
2025-06-24 17:49:36,807 - [32mINFO[0m - Output directory: Colors
2025-06-24 17:49:36,807 - [32mINFO[0m - granularity: 0.1
2025-06-24 17:49:36,807 - [32mINFO[0m - verbose: False
2025-06-24 17:49:36,807 - [32mINFO[0m - Output directory: Colors
2025-06-24 17:49:36,807 - [32mINFO[0m - Detected file type: csv
2025-06-24 17:49:36,807 - [32mINFO[0m - Using CSV file directly for analysis
2025-06-24 17:49:36,807 - [32mINFO[0m - Loading data from: /home/hlifchit/projects/twissting_baby/csv files/gene_flow_sims/ne0.20.csv
2025-06-24 17:49:36,807 - [32mINFO[0m - No topology header row detected. Assuming columns are T1, T2, T3 (in order).
2025-06-24 17:49:43,378 - [32mINFO[0m - Loaded data shape: (29877, 3)
2025-06-24 17:49:43,378 - [32mINFO[0m - Running triangle analysis...
2025-06-24 17:49:43,418 - [32mINFO[0m - Triangle analysis completed. Results shape: (45, 7)
2025-06-24 17:49:43,418 - [32mINFO[0m - Running fundamental asymmetry analysis...
2025-06-24 17:49:43,419 - [32mINFO[0m - ============================================================
2025-06-24 17:49:43,419 - [32mINFO[0m - FUNDAMENTAL ASYMMETRY RESULTS
2025-06-24 17:49:43,419 - [32mINFO[0m - ============================================================
2025-06-24 17:49:43,419 - [32mINFO[0m - Data file used: /home/hlifchit/projects/twissting_baby/csv files/gene_flow_sims/ne0.20.csv
2025-06-24 17:49:43,419 - [32mINFO[0m - Total data points before downsampling: 29877
2025-06-24 17:49:43,419 - [32mINFO[0m - Total data points used in symmetry analysis: 29877 (n_right + n_left = 29877)
2025-06-24 17:49:43,419 - [32mINFO[0m - Note: 0 data points were filtered out (where T2 = T3, which fall exactly on the y-axis in ternary space)
2025-06-24 17:49:43,419 - [32mINFO[0m - n_right: 15035
2025-06-24 17:49:43,419 - [32mINFO[0m - n_left: 14842
2025-06-24 17:49:43,419 - [32mINFO[0m - D_LR: 0.0065
2025-06-24 17:49:43,419 - [32mINFO[0m - G-test: 1.2468
2025-06-24 17:49:43,419 - [32mINFO[0m - p-value: 2.6417e-01
2025-06-24 17:49:43,419 - [32mINFO[0m - ============================================================
2025-06-24 17:49:43,419 - [32mINFO[0m - Generating visualizations...
2025-06-24 17:49:48,707 - [32mINFO[0m - Saving results...
2025-06-24 17:49:48,709 - [32mINFO[0m - Saved triangle analysis results to: Colors/ne0.20_triangle_analysis.csv
2025-06-24 17:49:48,709 - [32mINFO[0m - Analysis pipeline completed successfully!
2025-06-24 17:49:48,709 - [32mINFO[0m - ============================================================
2025-06-24 17:49:48,709 - [32mINFO[0m - Analysis completed successfully!
2025-06-24 17:49:48,709 - [32mINFO[0m - Total duration: 11.90 seconds
2025-06-24 17:49:48,709 - [32mINFO[0m - Generated files:
2025-06-24 17:49:48,709 - [32mINFO[0m -   ✓ Colors/ne0.20_analysis_granularity_0.1.png (267,037 bytes)
2025-06-24 17:49:48,709 - [32mINFO[0m -   ✓ Colors/ne0.20_coloredgrid.png (2,060,603 bytes)
2025-06-24 17:49:48,709 - [32mINFO[0m -   ✓ Colors/ne0.20_greygrid_custompoints.png (2,445,706 bytes)
2025-06-24 17:49:48,709 - [32mINFO[0m -   ✓ Colors/ne0.20_greygrid_heatmap_prop.png (383,504 bytes)
2025-06-24 17:49:48,709 - [32mINFO[0m -   ✓ Colors/ne0.20_index_granularity_0.1.png (288,097 bytes)
2025-06-24 17:49:48,709 - [32mINFO[0m -   ✓ Colors/ne0.20_heatmap_prop.png (367,451 bytes)
2025-06-24 17:49:48,709 - [32mINFO[0m -   ✓ Colors/ne0.20_greygrid.png (2,083,545 bytes)
2025-06-24 17:49:48,709 - [32mINFO[0m -   ✓ Colors/ne0.20_fundamental_asymmetry.png (77,376 bytes)
2025-06-24 17:49:48,709 - [32mINFO[0m -   ✓ Colors/twisstntern_20250624_174936.log (4,357 bytes)
2025-06-24 17:49:48,709 - [32mINFO[0m -   ✓ Colors/ne0.20_count_heatmap_count.png (369,126 bytes)
2025-06-24 17:49:48,709 - [32mINFO[0m -   ✓ Colors/ne0.20_green_greygrid_custompoints.png (2,161,318 bytes)
2025-06-24 17:49:48,709 - [32mINFO[0m -   ✓ Colors/ne0.20_granuality_0.1.png (2,333,302 bytes)
2025-06-24 17:49:48,709 - [32mINFO[0m -   ✓ Colors/ne0.20_count_greygrid_heatmap_count.png (386,578 bytes)
2025-06-24 17:49:48,709 - [32mINFO[0m -   ✓ Colors/ne0.20_triangle_analysis.csv (3,143 bytes)
2025-06-24 17:49:48,709 - [32mINFO[0m - ============================================================
