2025-06-26 09:55:25,645 - [32mINFO[0m - ============================================================
2025-06-26 09:55:25,645 - [32mINFO[0m - TWISSTNTERN Analysis Session
2025-06-26 09:55:25,646 - [32mINFO[0m - ============================================================
2025-06-26 09:55:25,646 - [32mINFO[0m - Python version: 3.11.13 (main, Jun  5 2025, 13:12:00) [GCC 11.2.0]
2025-06-26 09:55:25,651 - [32mINFO[0m - Platform: Linux-6.11.0-26-generic-x86_64-with-glibc2.39
2025-06-26 09:55:25,651 - [32mINFO[0m - Working directory: /home/hlifchit/projects/twissting_baby
2025-06-26 09:55:25,651 - [32mINFO[0m - Starting TWISSTNTERN analysis
2025-06-26 09:55:25,651 - [32mINFO[0m - Input file: /home/hlifchit/projects/twissting_baby/dataCompare/NoMigration_topology_weights.csv
2025-06-26 09:55:25,651 - [32mINFO[0m - Output directory: colors
2025-06-26 09:55:25,651 - [32mINFO[0m - granularity: 0.1
2025-06-26 09:55:25,652 - [32mINFO[0m - verbose: False
2025-06-26 09:55:25,652 - [32mINFO[0m - Output directory: colors
2025-06-26 09:55:25,652 - [32mINFO[0m - Detected file type: csv
2025-06-26 09:55:25,652 - [32mINFO[0m - Using CSV file directly for analysis
2025-06-26 09:55:25,652 - [32mINFO[0m - Loading data from: /home/hlifchit/projects/twissting_baby/dataCompare/NoMigration_topology_weights.csv
2025-06-26 09:55:25,652 - [32mINFO[0m - No topology header row detected. Assuming columns are T1, T2, T3 (in order).
2025-06-26 09:55:31,099 - [32mINFO[0m - Loaded data shape: (11559, 3)
2025-06-26 09:55:31,099 - [32mINFO[0m - Running triangle analysis...
2025-06-26 09:55:31,162 - [32mINFO[0m - Triangle analysis completed. Results shape: (45, 7)
2025-06-26 09:55:31,163 - [32mINFO[0m - Running fundamental asymmetry analysis...
2025-06-26 09:55:31,164 - [32mINFO[0m - ============================================================
2025-06-26 09:55:31,164 - [32mINFO[0m - FUNDAMENTAL ASYMMETRY RESULTS
2025-06-26 09:55:31,164 - [32mINFO[0m - ============================================================
2025-06-26 09:55:31,164 - [32mINFO[0m - Data file used: /home/hlifchit/projects/twissting_baby/dataCompare/NoMigration_topology_weights.csv
2025-06-26 09:55:31,164 - [32mINFO[0m - Total data points before downsampling: 11559
2025-06-26 09:55:31,164 - [32mINFO[0m - Total data points used in symmetry analysis: 11559 (n_right + n_left = 11559)
2025-06-26 09:55:31,164 - [32mINFO[0m - Note: 0 data points were filtered out (where T2 = T3, which fall exactly on the y-axis in ternary space)
2025-06-26 09:55:31,164 - [32mINFO[0m - n_right: 5823
2025-06-26 09:55:31,164 - [32mINFO[0m - n_left: 5736
2025-06-26 09:55:31,164 - [32mINFO[0m - D_LR: 0.0075
2025-06-26 09:55:31,164 - [32mINFO[0m - G-test: 0.6548
2025-06-26 09:55:31,164 - [32mINFO[0m - p-value: 4.1839e-01
2025-06-26 09:55:31,164 - [32mINFO[0m - ============================================================
2025-06-26 09:55:31,164 - [32mINFO[0m - Generating visualizations...
2025-06-26 09:55:33,069 - [31mERROR[0m - Error in main analysis: plot_ternary_heatmap_data() got an unexpected keyword argument 'colormap'
2025-06-26 09:55:33,069 - [35mCRITICAL[0m - Analysis failed. Check the log for details.
