2025-06-20 13:42:42,212 - [32mINFO[0m - ============================================================
2025-06-20 13:42:42,212 - [32mINFO[0m - TWISSTNTERN Analysis Session
2025-06-20 13:42:42,212 - [32mINFO[0m - ============================================================
2025-06-20 13:42:42,213 - [32mINFO[0m - Python version: 3.10.12 (main, May 27 2025, 17:12:29) [GCC 11.4.0]
2025-06-20 13:42:42,228 - [32mINFO[0m - Platform: Linux-5.15.0-141-generic-x86_64-with-glibc2.35
2025-06-20 13:42:42,228 - [32mINFO[0m - Working directory: /home/hlifchit/twisstntern2.0
2025-06-20 13:42:42,229 - [32mINFO[0m - Starting TWISSTNTERN analysis
2025-06-20 13:42:42,229 - [32mINFO[0m - Input file: /home/hlifchit/twisstntern2.0/csv files/gene_flow_sims/B_m0.001CORRECTED.csv
2025-06-20 13:42:42,229 - [32mINFO[0m - Output directory: ress
2025-06-20 13:42:42,229 - [32mINFO[0m - granularity: 0.1
2025-06-20 13:42:42,229 - [32mINFO[0m - verbose: False
2025-06-20 13:42:42,230 - [32mINFO[0m - Output directory: ress
2025-06-20 13:42:42,230 - [32mINFO[0m - Detected file type: csv
2025-06-20 13:42:42,230 - [32mINFO[0m - Using CSV file directly for analysis
2025-06-20 13:42:42,230 - [32mINFO[0m - Loading data from: /home/hlifchit/twisstntern2.0/csv files/gene_flow_sims/B_m0.001CORRECTED.csv
2025-06-20 13:42:42,806 - [32mINFO[0m - Loaded data shape: (474, 3)
2025-06-20 13:42:42,807 - [32mINFO[0m - Running triangle analysis...
2025-06-20 13:42:43,271 - [32mINFO[0m - Triangle analysis completed. Results shape: (45, 7)
2025-06-20 13:42:43,285 - [32mINFO[0m - Running fundamental asymmetry analysis...
2025-06-20 13:42:43,292 - [32mINFO[0m - Fundamental asymmetry: D_LR=0.0000, p-value=1.0000e+00
2025-06-20 13:42:43,293 - [32mINFO[0m - Generating visualizations...
2025-06-20 13:42:49,348 - [32mINFO[0m - Saving results...
2025-06-20 13:42:49,355 - [32mINFO[0m - Saved triangle analysis results to: ress/B_m0.001CORRECTED_triangle_analysis.csv
2025-06-20 13:42:49,355 - [32mINFO[0m - Analysis pipeline completed successfully!
2025-06-20 13:42:49,356 - [32mINFO[0m - ============================================================
2025-06-20 13:42:49,356 - [32mINFO[0m - Analysis completed successfully!
2025-06-20 13:42:49,356 - [32mINFO[0m - Total duration: 7.13 seconds
2025-06-20 13:42:49,357 - [32mINFO[0m - Generated files:
2025-06-20 13:42:49,357 - [32mINFO[0m -   ✓ ress/B_m0.001CORRECTED_index_granularity_0.1.png (288,096 bytes)
2025-06-20 13:42:49,357 - [32mINFO[0m -   ✓ ress/B_m0.001CORRECTED_triangle_analysis.csv (2,945 bytes)
2025-06-20 13:42:49,357 - [32mINFO[0m -   ✓ ress/twisstntern_20250620_134242.log (2,590 bytes)
2025-06-20 13:42:49,357 - [32mINFO[0m -   ✓ ress/B_m0.001CORRECTED_fundamental_asymmetry.png (72,498 bytes)
2025-06-20 13:42:49,358 - [32mINFO[0m -   ✓ ress/B_m0.001CORRECTED_granuality_0.1.png (515,784 bytes)
2025-06-20 13:42:49,358 - [32mINFO[0m -   ✓ ress/B_m0.001CORRECTED_analysis_granularity_0.1.png (269,970 bytes)
2025-06-20 13:42:49,358 - [32mINFO[0m - ============================================================
