2025-06-24 18:02:06,266 - [32mINFO[0m - ============================================================
2025-06-24 18:02:06,266 - [32mINFO[0m - TWISSTNTERN Analysis Session
2025-06-24 18:02:06,266 - [32mINFO[0m - ============================================================
2025-06-24 18:02:06,267 - [32mINFO[0m - Python version: 3.11.13 (main, Jun  5 2025, 13:12:00) [GCC 11.2.0]
2025-06-24 18:02:06,268 - [32mINFO[0m - Platform: Linux-6.11.0-26-generic-x86_64-with-glibc2.39
2025-06-24 18:02:06,268 - [32mINFO[0m - Working directory: /home/hlifchit/projects/twissting_baby
2025-06-24 18:02:06,269 - [32mINFO[0m - Starting TWISSTNTERN analysis
2025-06-24 18:02:06,269 - [32mINFO[0m - Input file: /home/hlifchit/projects/twissting_baby/dataCompare/migration_topology_weights.csv
2025-06-24 18:02:06,269 - [32mINFO[0m - Output directory: Colors2
2025-06-24 18:02:06,269 - [32mINFO[0m - granularity: 0.1
2025-06-24 18:02:06,269 - [32mINFO[0m - verbose: False
2025-06-24 18:02:06,269 - [32mINFO[0m - Output directory: Colors2
2025-06-24 18:02:06,269 - [32mINFO[0m - Detected file type: csv
2025-06-24 18:02:06,269 - [32mINFO[0m - Using CSV file directly for analysis
2025-06-24 18:02:06,269 - [32mINFO[0m - Loading data from: /home/hlifchit/projects/twissting_baby/dataCompare/migration_topology_weights.csv
2025-06-24 18:02:06,269 - [32mINFO[0m - No topology header row detected. Assuming columns are T1, T2, T3 (in order).
2025-06-24 18:02:09,227 - [32mINFO[0m - Loaded data shape: (11303, 3)
2025-06-24 18:02:09,227 - [32mINFO[0m - Running triangle analysis...
2025-06-24 18:02:09,300 - [32mINFO[0m - Triangle analysis completed. Results shape: (45, 7)
2025-06-24 18:02:09,300 - [32mINFO[0m - Running fundamental asymmetry analysis...
2025-06-24 18:02:09,301 - [32mINFO[0m - ============================================================
2025-06-24 18:02:09,301 - [32mINFO[0m - FUNDAMENTAL ASYMMETRY RESULTS
2025-06-24 18:02:09,301 - [32mINFO[0m - ============================================================
2025-06-24 18:02:09,301 - [32mINFO[0m - Data file used: /home/hlifchit/projects/twissting_baby/dataCompare/migration_topology_weights.csv
2025-06-24 18:02:09,302 - [32mINFO[0m - Total data points before downsampling: 11303
2025-06-24 18:02:09,302 - [32mINFO[0m - Total data points used in symmetry analysis: 11303 (n_right + n_left = 11303)
2025-06-24 18:02:09,302 - [32mINFO[0m - Note: 0 data points were filtered out (where T2 = T3, which fall exactly on the y-axis in ternary space)
2025-06-24 18:02:09,302 - [32mINFO[0m - n_right: 4336
2025-06-24 18:02:09,302 - [32mINFO[0m - n_left: 6967
2025-06-24 18:02:09,302 - [32mINFO[0m - D_LR: -0.2328
2025-06-24 18:02:09,302 - [32mINFO[0m - G-test: nan
2025-06-24 18:02:09,302 - [32mINFO[0m - p-value: 0.0000e+00
2025-06-24 18:02:09,302 - [32mINFO[0m - ============================================================
2025-06-24 18:02:09,302 - [32mINFO[0m - Generating visualizations...
2025-06-24 18:02:13,507 - [32mINFO[0m - Saving results...
2025-06-24 18:02:13,509 - [32mINFO[0m - Saved triangle analysis results to: Colors2/migration_topology_weights_triangle_analysis.csv
2025-06-24 18:02:13,509 - [32mINFO[0m - Analysis pipeline completed successfully!
2025-06-24 18:02:13,509 - [32mINFO[0m - ============================================================
2025-06-24 18:02:13,509 - [32mINFO[0m - Analysis completed successfully!
2025-06-24 18:02:13,509 - [32mINFO[0m - Total duration: 7.24 seconds
2025-06-24 18:02:13,509 - [32mINFO[0m - Generated files:
2025-06-24 18:02:13,509 - [32mINFO[0m -   ✓ Colors2/migration_topology_weights_fundamental_asymmetry.png (79,466 bytes)
2025-06-24 18:02:13,509 - [32mINFO[0m -   ✓ Colors2/twisstntern_20250624_180206.log (3,712 bytes)
2025-06-24 18:02:13,509 - [32mINFO[0m -   ✓ Colors2/migration_topology_weights_heatmap_prop.png (379,691 bytes)
2025-06-24 18:02:13,509 - [32mINFO[0m -   ✓ Colors2/migration_topology_weights_granuality_0.1.png (1,090,457 bytes)
2025-06-24 18:02:13,509 - [32mINFO[0m -   ✓ Colors2/migration_topology_weights_count_greygrid_heatmap_count.png (373,440 bytes)
2025-06-24 18:02:13,509 - [32mINFO[0m -   ✓ Colors2/migration_topology_weights_triangle_analysis.csv (2,895 bytes)
2025-06-24 18:02:13,509 - [32mINFO[0m -   ✓ Colors2/migration_topology_weights_index_granularity_0.1.png (288,097 bytes)
2025-06-24 18:02:13,509 - [32mINFO[0m -   ✓ Colors2/migration_topology_weights_count_heatmap_count.png (375,572 bytes)
2025-06-24 18:02:13,509 - [32mINFO[0m -   ✓ Colors2/migration_topology_weights_analysis_granularity_0.1.png (277,735 bytes)
2025-06-24 18:02:13,509 - [32mINFO[0m -   ✓ Colors2/migration_topology_weights_greygrid_heatmap_prop.png (379,000 bytes)
2025-06-24 18:02:13,510 - [32mINFO[0m - ============================================================
