2025-06-26 13:39:22,465 - [32mINFO[0m - ============================================================
2025-06-26 13:39:22,465 - [32mINFO[0m - TWISSTNTERN Analysis Session
2025-06-26 13:39:22,465 - [32mINFO[0m - ============================================================
2025-06-26 13:39:22,465 - [32mINFO[0m - Python version: 3.11.13 (main, Jun  5 2025, 13:12:00) [GCC 11.2.0]
2025-06-26 13:39:22,468 - [32mINFO[0m - Platform: Linux-6.11.0-26-generic-x86_64-with-glibc2.39
2025-06-26 13:39:22,468 - [32mINFO[0m - Working directory: /home/hlifchit/projects/twissting_baby
2025-06-26 13:39:22,468 - [32mINFO[0m - Starting TWISSTNTERN analysis
2025-06-26 13:39:22,468 - [32mINFO[0m - Input file: config_template.yaml
2025-06-26 13:39:22,468 - [32mINFO[0m - Output directory: Results
2025-06-26 13:39:22,468 - [32mINFO[0m - granularity: 0.1
2025-06-26 13:39:22,469 - [32mINFO[0m - verbose: False
2025-06-26 13:39:22,469 - [32mINFO[0m - ---------------------------------------------------------
2025-06-26 13:39:22,469 - [32mINFO[0m - Starting twisstntern_simulate pipeline
2025-06-26 13:39:22,469 - [32mINFO[0m - ---------------------------------------------------------
2025-06-26 13:39:22,469 - [32mINFO[0m - Loading configuration...
2025-06-26 13:39:22,475 - [32mINFO[0m - Configuration loaded - Mode: chromosome, Seed: 4576
2025-06-26 13:39:22,475 - [32mINFO[0m - ============================================================
2025-06-26 13:39:22,475 - [32mINFO[0m - SIMULATION CONFIGURATION
2025-06-26 13:39:22,475 - [32mINFO[0m - ============================================================
2025-06-26 13:39:22,475 - [32mINFO[0m - Simulation mode: chromosome
2025-06-26 13:39:22,475 - [32mINFO[0m - Random seed: 4576
2025-06-26 13:39:22,476 - [32mINFO[0m - Number of populations: 7
2025-06-26 13:39:22,476 - [32mINFO[0m -   O (Outgroup): Ne=1000.0, samples=10
2025-06-26 13:39:22,476 - [32mINFO[0m -   p1 (A): Ne=1000.0, samples=10
2025-06-26 13:39:22,476 - [32mINFO[0m -   p2 (B): Ne=1000.0, samples=10
2025-06-26 13:39:22,476 - [32mINFO[0m -   p3 (C): Ne=1000.0, samples=10
2025-06-26 13:39:22,476 - [32mINFO[0m -   p23 (Ancestor AB): Ne=1000.0 (ancestral)
2025-06-26 13:39:22,476 - [32mINFO[0m -   p123 (Ancestor ABC): Ne=1000.0 (ancestral)
2025-06-26 13:39:22,476 - [32mINFO[0m -   ANC (Ancestral): Ne=1000.0 (ancestral)
2025-06-26 13:39:22,476 - [32mINFO[0m - Migration rates:
2025-06-26 13:39:22,476 - [32mINFO[0m -   p1>p2 (A → B): 0.0
2025-06-26 13:39:22,476 - [32mINFO[0m -   p2>p1 (B → A): 0.0
2025-06-26 13:39:22,476 - [32mINFO[0m -   p1>p3 (A → C): 0.0
2025-06-26 13:39:22,476 - [32mINFO[0m -   p3>p1 (C → A): 0.0
2025-06-26 13:39:22,476 - [32mINFO[0m -   p2>p3 (B → C): 0.0
2025-06-26 13:39:22,476 - [32mINFO[0m -   p3>p2 (C → B): 0.0
2025-06-26 13:39:22,476 - [32mINFO[0m -   O>p1 (Outgroup → A): 0.0
2025-06-26 13:39:22,476 - [32mINFO[0m -   p1>O (A → Outgroup): 0.0
2025-06-26 13:39:22,476 - [32mINFO[0m -   O>p2 (Outgroup → B): 0.0
2025-06-26 13:39:22,476 - [32mINFO[0m -   p2>O (B → Outgroup): 0.0
2025-06-26 13:39:22,476 - [32mINFO[0m -   O>p3 (Outgroup → C): 0.0
2025-06-26 13:39:22,476 - [32mINFO[0m -   p3>O (C → Outgroup): 0.0
2025-06-26 13:39:22,476 - [32mINFO[0m -   p23>p1 (Ancestor AB → A): 0.0
2025-06-26 13:39:22,476 - [32mINFO[0m -   p1>p23 (A → Ancestor AB): 0.0
2025-06-26 13:39:22,476 - [32mINFO[0m -   O>p123 (Outgroup → Ancestor ABC): 0.0
2025-06-26 13:39:22,476 - [32mINFO[0m -   p123>O (Ancestor ABC → Outgroup): 0.0
2025-06-26 13:39:22,476 - [32mINFO[0m - Chromosome length: 100000000.0
2025-06-26 13:39:22,476 - [32mINFO[0m - Recombination rate: 1e-08
2025-06-26 13:39:22,477 - [32mINFO[0m - Mutation rate: 0
2025-06-26 13:39:22,477 - [32mINFO[0m - Ploidy: 1
2025-06-26 13:39:22,477 - [32mINFO[0m - ============================================================
2025-06-26 13:39:22,477 - [32mINFO[0m - Running msprime simulation...
2025-06-26 13:39:23,631 - [32mINFO[0m - Simulation completed
2025-06-26 13:39:23,632 - [32mINFO[0m - Trees saved to: Results/chromosome_trees.newick
2025-06-26 13:39:23,632 - [32mINFO[0m - Checking twisst availability...
2025-06-26 13:39:23,632 - [32mINFO[0m - Processing tree sequences...
2025-06-26 13:39:23,632 - [32mINFO[0m - Chromosome mode: 11573 trees in simulated chromosome.
2025-06-26 13:39:42,499 - INFO - TreeSequence topologies (default order)
2025-06-26 13:39:42,499 - INFO - ==================================================
2025-06-26 13:39:42,499 - INFO - Population Legend:
2025-06-26 13:39:42,499 - INFO - --------------------
2025-06-26 13:39:42,499 - INFO -   0 = Outgroup
2025-06-26 13:39:42,499 - INFO -   1 = A
2025-06-26 13:39:42,499 - INFO -   2 = B
2025-06-26 13:39:42,499 - INFO -   3 = C
2025-06-26 13:39:42,499 - INFO - 
2025-06-26 13:39:42,499 - INFO - T1:
2025-06-26 13:39:42,499 - INFO -   String: (0,(1,(2,3)));
2025-06-26 13:39:42,499 - INFO -   ASCII Tree:
2025-06-26 13:39:42,499 - INFO -        /-0
2025-06-26 13:39:42,499 - INFO -     --|
2025-06-26 13:39:42,499 - INFO -       |   /-1
2025-06-26 13:39:42,499 - INFO -        \-|
2025-06-26 13:39:42,499 - INFO -          |   /-2
2025-06-26 13:39:42,499 - INFO -           \-|
2025-06-26 13:39:42,499 - INFO -              \-3
2025-06-26 13:39:42,499 - INFO - 
2025-06-26 13:39:42,499 - INFO - T2:
2025-06-26 13:39:42,499 - INFO -   String: (0,(2,(1,3)));
2025-06-26 13:39:42,499 - INFO -   ASCII Tree:
2025-06-26 13:39:42,499 - INFO -        /-0
2025-06-26 13:39:42,499 - INFO -     --|
2025-06-26 13:39:42,499 - INFO -       |   /-2
2025-06-26 13:39:42,499 - INFO -        \-|
2025-06-26 13:39:42,499 - INFO -          |   /-1
2025-06-26 13:39:42,499 - INFO -           \-|
2025-06-26 13:39:42,499 - INFO -              \-3
2025-06-26 13:39:42,499 - INFO - 
2025-06-26 13:39:42,499 - INFO - T3:
2025-06-26 13:39:42,499 - INFO -   String: (0,(3,(1,2)));
2025-06-26 13:39:42,499 - INFO -   ASCII Tree:
2025-06-26 13:39:42,499 - INFO -        /-0
2025-06-26 13:39:42,499 - INFO -     --|
2025-06-26 13:39:42,499 - INFO -       |   /-3
2025-06-26 13:39:42,499 - INFO -        \-|
2025-06-26 13:39:42,499 - INFO -          |   /-1
2025-06-26 13:39:42,499 - INFO -           \-|
2025-06-26 13:39:42,499 - INFO -              \-2
2025-06-26 13:39:42,499 - INFO - 
2025-06-26 13:39:42,499 - INFO - ==================================================
2025-06-26 13:39:42,535 - [32mINFO[0m - Number of data points before downsampling: 11573
2025-06-26 13:39:42,543 - [32mINFO[0m - Downsampled to one data point every 1000 kb starting from 0bp. 100 remain.
2025-06-26 13:39:42,543 - [32mINFO[0m - Number of data points after downsampling (every 1000 kb starting from 0bp): 100
2025-06-26 13:39:42,543 - [32mINFO[0m - Tree processing completed - weights saved to: Results/chromosome_topology_weights.csv
2025-06-26 13:39:42,544 - [32mINFO[0m - Running triangle analysis...
2025-06-26 13:39:42,581 - [32mINFO[0m - Running fundamental asymmetry analysis...
2025-06-26 13:39:42,583 - [32mINFO[0m - ============================================================
2025-06-26 13:39:42,583 - [32mINFO[0m - FUNDAMENTAL ASYMMETRY RESULTS
2025-06-26 13:39:42,583 - [32mINFO[0m - ============================================================
2025-06-26 13:39:42,583 - [32mINFO[0m - Data file used: Results/chromosome_topology_weights.csv
2025-06-26 13:39:42,583 - [32mINFO[0m - Total trees computed: 100 (n_right + n_left = 100)
2025-06-26 13:39:42,583 - [32mINFO[0m - Note: 0 trees were filtered out (trees where T2 = T3, which fall exactly on the y-axis in ternary space)
2025-06-26 13:39:42,583 - [32mINFO[0m - n_right: 55
2025-06-26 13:39:42,583 - [32mINFO[0m - n_left: 45
2025-06-26 13:39:42,583 - [32mINFO[0m - D_LR: 0.1000
2025-06-26 13:39:42,583 - [32mINFO[0m - G-test: 1.0017
2025-06-26 13:39:42,583 - [32mINFO[0m - p-value: 3.1691e-01
2025-06-26 13:39:42,583 - [32mINFO[0m - ============================================================
2025-06-26 13:39:42,583 - [32mINFO[0m - Generating visualizations...
2025-06-26 13:39:43,926 - [32mINFO[0m - Saved triangle analysis results to: Results/chromosome_triangle_analysis.csv
2025-06-26 13:39:43,926 - [32mINFO[0m - Analysis pipeline completed successfully!
2025-06-26 13:39:43,926 - [32mINFO[0m - Pipeline completed successfully - Results in: Results
2025-06-26 13:39:43,927 - [32mINFO[0m - ============================================================
2025-06-26 13:39:43,927 - [32mINFO[0m - Analysis completed successfully!
2025-06-26 13:39:43,927 - [32mINFO[0m - Total duration: 21.46 seconds
2025-06-26 13:39:43,927 - [32mINFO[0m - Generated files:
2025-06-26 13:39:43,927 - [32mINFO[0m -   ✓ Results/twisstntern_20250626_124245.log (5,004 bytes)
2025-06-26 13:39:43,927 - [32mINFO[0m -   ✓ Results/twisstntern_20250626_133051.log (755 bytes)
2025-06-26 13:39:43,927 - [32mINFO[0m -   ✓ Results/twisstntern_20250626_133330.log (11,097 bytes)
2025-06-26 13:39:43,927 - [32mINFO[0m -   ✓ Results/migration_topology_weights_fundamental_asymmetry.png (105,928 bytes)
2025-06-26 13:39:43,927 - [32mINFO[0m -   ✓ Results/chromosome_fundamental_asymmetry.png (72,843 bytes)
2025-06-26 13:39:43,927 - [32mINFO[0m -   ✓ Results/twisstntern_20250626_133922.log (9,279 bytes)
2025-06-26 13:39:43,927 - [32mINFO[0m -   ✓ Results/chromosome_granuality_0.1.png (420,716 bytes)
2025-06-26 13:39:43,927 - [32mINFO[0m -   ✓ Results/migration_topology_weights_granuality_0.1.png (985,015 bytes)
2025-06-26 13:39:43,927 - [32mINFO[0m -   ✓ Results/chromosome_topology_weights.csv (380,402 bytes)
2025-06-26 13:39:43,927 - [32mINFO[0m -   ✓ Results/chromosome_trees.newick (19,762,665 bytes)
2025-06-26 13:39:43,927 - [32mINFO[0m -   ✓ Results/twisstntern_20250626_124212.log (4,525 bytes)
2025-06-26 13:39:43,927 - [32mINFO[0m -   ✓ Results/migration_topology_weights_index_granularity_0.05.png (578,254 bytes)
2025-06-26 13:39:43,927 - [32mINFO[0m -   ✓ Results/chromosome_triangle_analysis.csv (2,576 bytes)
2025-06-26 13:39:43,927 - [32mINFO[0m -   ✓ Results/migration_topology_weights_heatmap_count.png (578,722 bytes)
2025-06-26 13:39:43,927 - [32mINFO[0m -   ✓ Results/chromosome_analysis_granularity_0.1.png (258,842 bytes)
2025-06-26 13:39:43,927 - [32mINFO[0m -   ✓ Results/migration_topology_weights_triangle_analysis.csv (11,962 bytes)
2025-06-26 13:39:43,927 - [32mINFO[0m -   ✓ Results/migration_topology_weights_granuality_0.05.png (988,116 bytes)
2025-06-26 13:39:43,927 - [32mINFO[0m -   ✓ Results/migration_topology_weights_index_granularity_0.1.png (288,097 bytes)
2025-06-26 13:39:43,927 - [32mINFO[0m -   ✓ Results/migration_topology_weights_analysis_granularity_0.1.png (332,302 bytes)
2025-06-26 13:39:43,927 - [32mINFO[0m -   ✓ Results/migration_topology_weights_analysis_granularity_0.05.png (558,074 bytes)
2025-06-26 13:39:43,927 - [32mINFO[0m -   ✓ Results/chromosome_index_granularity_0.1.png (288,097 bytes)
2025-06-26 13:39:43,927 - [32mINFO[0m - ============================================================
