2025-06-20 13:55:51,499 - [32mINFO[0m - ============================================================
2025-06-20 13:55:51,499 - [32mINFO[0m - TWISSTNTERN Analysis Session
2025-06-20 13:55:51,499 - [32mINFO[0m - ============================================================
2025-06-20 13:55:51,499 - [32mINFO[0m - Python version: 3.10.12 (main, May 27 2025, 17:12:29) [GCC 11.4.0]
2025-06-20 13:55:51,502 - [32mINFO[0m - Platform: Linux-5.15.0-141-generic-x86_64-with-glibc2.35
2025-06-20 13:55:51,502 - [32mINFO[0m - Working directory: /home/hlifchit/twisstntern2.0
2025-06-20 13:55:51,502 - [32mINFO[0m - Starting TWISSTNTERN analysis
2025-06-20 13:55:51,502 - [32mINFO[0m - Input file: /home/hlifchit/twisstntern2.0/config_template.yaml
2025-06-20 13:55:51,502 - [32mINFO[0m - Output directory: Results
2025-06-20 13:55:51,502 - [32mINFO[0m - granularity: 0.1
2025-06-20 13:55:51,502 - [32mINFO[0m - verbose: False
2025-06-20 13:55:51,503 - [32mINFO[0m - ---------------------------------------------------------
2025-06-20 13:55:51,503 - [32mINFO[0m - Starting twisstntern_simulate pipeline
2025-06-20 13:55:51,503 - [32mINFO[0m - ---------------------------------------------------------
2025-06-20 13:55:51,503 - [32mINFO[0m - Loading configuration...
2025-06-20 13:55:51,510 - [32mINFO[0m - Configuration loaded - Mode: chromosome, Seed: 4576
2025-06-20 13:55:51,510 - [32mINFO[0m - ============================================================
2025-06-20 13:55:51,510 - [32mINFO[0m - SIMULATION CONFIGURATION
2025-06-20 13:55:51,510 - [32mINFO[0m - ============================================================
2025-06-20 13:55:51,510 - [32mINFO[0m - Simulation mode: chromosome
2025-06-20 13:55:51,510 - [32mINFO[0m - Random seed: 4576
2025-06-20 13:55:51,510 - [32mINFO[0m - Number of populations: 7
2025-06-20 13:55:51,511 - [32mINFO[0m -   O (Outgroup): Ne=1000.0, samples=10
2025-06-20 13:55:51,511 - [32mINFO[0m -   p1 (Population 1): Ne=1000.0, samples=10
2025-06-20 13:55:51,511 - [32mINFO[0m -   p2 (Population 2): Ne=1000.0, samples=10
2025-06-20 13:55:51,511 - [32mINFO[0m -   p3 (Population 3): Ne=1000.0, samples=10
2025-06-20 13:55:51,511 - [32mINFO[0m -   p23 (Ancestor p2/p3): Ne=1000.0 (ancestral)
2025-06-20 13:55:51,511 - [32mINFO[0m -   p123 (Ancestor p1/p2/p3): Ne=1000.0 (ancestral)
2025-06-20 13:55:51,511 - [32mINFO[0m -   ANC (Ancestral): Ne=1000.0 (ancestral)
2025-06-20 13:55:51,511 - [32mINFO[0m - Migration rates:
2025-06-20 13:55:51,511 - [32mINFO[0m -   p1>p2 (Population 1 → Population 2): 0.0
2025-06-20 13:55:51,511 - [32mINFO[0m -   p2>p1 (Population 2 → Population 1): 0.0
2025-06-20 13:55:51,511 - [32mINFO[0m -   p1>p3 (Population 1 → Population 3): 0.0
2025-06-20 13:55:51,511 - [32mINFO[0m -   p3>p1 (Population 3 → Population 1): 0.0
2025-06-20 13:55:51,511 - [32mINFO[0m -   p2>p3 (Population 2 → Population 3): 0.0
2025-06-20 13:55:51,511 - [32mINFO[0m -   p3>p2 (Population 3 → Population 2): 0.0
2025-06-20 13:55:51,511 - [32mINFO[0m -   O>p1 (Outgroup → Population 1): 0.0
2025-06-20 13:55:51,511 - [32mINFO[0m -   p1>O (Population 1 → Outgroup): 0.0
2025-06-20 13:55:51,511 - [32mINFO[0m -   O>p2 (Outgroup → Population 2): 0.0
2025-06-20 13:55:51,511 - [32mINFO[0m -   p2>O (Population 2 → Outgroup): 0.0
2025-06-20 13:55:51,511 - [32mINFO[0m -   O>p3 (Outgroup → Population 3): 0.0
2025-06-20 13:55:51,511 - [32mINFO[0m -   p3>O (Population 3 → Outgroup): 0.0
2025-06-20 13:55:51,511 - [32mINFO[0m -   p23>p1 (Ancestor p2/p3 → Population 1): 0.0
2025-06-20 13:55:51,511 - [32mINFO[0m -   p1>p23 (Population 1 → Ancestor p2/p3): 0.0
2025-06-20 13:55:51,511 - [32mINFO[0m -   O>p123 (Outgroup → Ancestor p1/p2/p3): 0.0
2025-06-20 13:55:51,511 - [32mINFO[0m -   p123>O (Ancestor p1/p2/p3 → Outgroup): 0.0
2025-06-20 13:55:51,511 - [32mINFO[0m - Chromosome length: 100000000.0
2025-06-20 13:55:51,511 - [32mINFO[0m - Recombination rate: 1e-08
2025-06-20 13:55:51,511 - [32mINFO[0m - Mutation rate: 0
2025-06-20 13:55:51,511 - [32mINFO[0m - Ploidy: 1
2025-06-20 13:55:51,511 - [32mINFO[0m - ============================================================
2025-06-20 13:55:51,512 - [32mINFO[0m - Running msprime simulation...
2025-06-20 13:55:56,310 - [32mINFO[0m - Simulation completed
2025-06-20 13:55:56,311 - [32mINFO[0m - Trees saved to: Results/chromosome_trees.newick
2025-06-20 13:55:56,311 - [32mINFO[0m - Checking twisst availability...
2025-06-20 13:55:56,311 - [32mINFO[0m - Processing tree sequences...
2025-06-20 13:58:25,681 - INFO - TreeSequence topologies (default order)
2025-06-20 13:58:25,681 - INFO - ==================================================
2025-06-20 13:58:25,681 - INFO - Population Legend:
2025-06-20 13:58:25,681 - INFO - --------------------
2025-06-20 13:58:25,681 - INFO -   0 = Outgroup
2025-06-20 13:58:25,681 - INFO -   1 = Population 1
2025-06-20 13:58:25,681 - INFO -   2 = Population 2
2025-06-20 13:58:25,681 - INFO -   3 = Population 3
2025-06-20 13:58:25,681 - INFO - 
2025-06-20 13:58:25,681 - INFO - T1:
2025-06-20 13:58:25,681 - INFO -   String: (0,(1,(2,3)));
2025-06-20 13:58:25,682 - INFO -   ASCII Tree:
2025-06-20 13:58:25,682 - INFO -        /-0
2025-06-20 13:58:25,682 - INFO -     --|
2025-06-20 13:58:25,682 - INFO -       |   /-1
2025-06-20 13:58:25,682 - INFO -        \-|
2025-06-20 13:58:25,682 - INFO -          |   /-2
2025-06-20 13:58:25,682 - INFO -           \-|
2025-06-20 13:58:25,682 - INFO -              \-3
2025-06-20 13:58:25,682 - INFO - 
2025-06-20 13:58:25,682 - INFO - T2:
2025-06-20 13:58:25,682 - INFO -   String: (0,(2,(1,3)));
2025-06-20 13:58:25,682 - INFO -   ASCII Tree:
2025-06-20 13:58:25,682 - INFO -        /-0
2025-06-20 13:58:25,682 - INFO -     --|
2025-06-20 13:58:25,682 - INFO -       |   /-2
2025-06-20 13:58:25,682 - INFO -        \-|
2025-06-20 13:58:25,682 - INFO -          |   /-1
2025-06-20 13:58:25,682 - INFO -           \-|
2025-06-20 13:58:25,682 - INFO -              \-3
2025-06-20 13:58:25,682 - INFO - 
2025-06-20 13:58:25,682 - INFO - T3:
2025-06-20 13:58:25,682 - INFO -   String: (0,(3,(1,2)));
2025-06-20 13:58:25,682 - INFO -   ASCII Tree:
2025-06-20 13:58:25,682 - INFO -        /-0
2025-06-20 13:58:25,683 - INFO -     --|
2025-06-20 13:58:25,683 - INFO -       |   /-3
2025-06-20 13:58:25,683 - INFO -        \-|
2025-06-20 13:58:25,683 - INFO -          |   /-1
2025-06-20 13:58:25,683 - INFO -           \-|
2025-06-20 13:58:25,683 - INFO -              \-2
2025-06-20 13:58:25,683 - INFO - 
2025-06-20 13:58:25,683 - INFO - ==================================================
2025-06-20 13:58:25,729 - [32mINFO[0m - Tree processing completed - weights saved to: Results/chromosome_topology_weights.csv
2025-06-20 13:58:25,730 - [32mINFO[0m - Running triangle analysis...
2025-06-20 13:58:25,904 - [32mINFO[0m - Running fundamental asymmetry analysis...
2025-06-20 13:58:25,908 - [32mINFO[0m - ============================================================
2025-06-20 13:58:25,908 - [32mINFO[0m - FUNDAMENTAL ASYMMETRY RESULTS
2025-06-20 13:58:25,908 - [32mINFO[0m - ============================================================
2025-06-20 13:58:25,908 - [32mINFO[0m - Data file used: Results/chromosome_topology_weights.csv
2025-06-20 13:58:25,908 - [32mINFO[0m - Total trees computed: 11573 (n_right + n_left = 11559)
2025-06-20 13:58:25,908 - [32mINFO[0m - Note: 14 trees were filtered out (trees where T2 = T3, which fall exactly on the y-axis in ternary space)
2025-06-20 13:58:25,908 - [32mINFO[0m - n_right: 5736
2025-06-20 13:58:25,908 - [32mINFO[0m - n_left: 5823
2025-06-20 13:58:25,909 - [32mINFO[0m - D_LR: -0.0075
2025-06-20 13:58:25,909 - [32mINFO[0m - G-test: 0.6548
2025-06-20 13:58:25,909 - [32mINFO[0m - p-value: 4.1839e-01
2025-06-20 13:58:25,909 - [32mINFO[0m - ============================================================
2025-06-20 13:58:25,909 - [32mINFO[0m - Generating visualizations...
2025-06-20 13:58:29,476 - [32mINFO[0m - Saved triangle analysis results to: Results/chromosome_triangle_analysis.csv
2025-06-20 13:58:29,476 - [32mINFO[0m - Analysis pipeline completed successfully!
2025-06-20 13:58:29,476 - [32mINFO[0m - Pipeline completed successfully - Results in: Results
2025-06-20 13:58:29,477 - [32mINFO[0m - ============================================================
2025-06-20 13:58:29,477 - [32mINFO[0m - Analysis completed successfully!
2025-06-20 13:58:29,477 - [32mINFO[0m - Total duration: 157.97 seconds
2025-06-20 13:58:29,477 - [32mINFO[0m - Generated files:
2025-06-20 13:58:29,477 - [32mINFO[0m -   ✓ Results/chromosome_analysis_granularity_0.1.png (279,781 bytes)
2025-06-20 13:58:29,478 - [32mINFO[0m -   ✓ Results/twisstntern_20250620_133112.log (10,164 bytes)
2025-06-20 13:58:29,478 - [32mINFO[0m -   ✓ Results/twisstntern_20250618_221146.log (9,881 bytes)
2025-06-20 13:58:29,478 - [32mINFO[0m -   ✓ Results/chromosome_index_granularity_0.1.png (288,096 bytes)
2025-06-20 13:58:29,478 - [32mINFO[0m -   ✓ Results/chromosome_trees.newick (19,762,665 bytes)
2025-06-20 13:58:29,478 - [32mINFO[0m -   ✓ Results/chromosome_fundamental_asymmetry.png (77,221 bytes)
2025-06-20 13:58:29,478 - [32mINFO[0m -   ✓ Results/twisstntern_20250620_135551.log (9,291 bytes)
2025-06-20 13:58:29,478 - [32mINFO[0m -   ✓ Results/chromosome_granuality_0.1.png (1,346,018 bytes)
2025-06-20 13:58:29,479 - [32mINFO[0m -   ✓ Results/chromosome_topology_weights.csv (231,309 bytes)
2025-06-20 13:58:29,479 - [32mINFO[0m -   ✓ Results/chromosome_triangle_analysis.csv (3,029 bytes)
2025-06-20 13:58:29,479 - [32mINFO[0m - ============================================================
