2025-06-27 12:23:55,277 - [32mINFO[0m - ============================================================
2025-06-27 12:23:55,277 - [32mINFO[0m - TWISSTNTERN Analysis Session
2025-06-27 12:23:55,277 - [32mINFO[0m - ============================================================
2025-06-27 12:23:55,277 - [32mINFO[0m - Python version: 3.11.13 (main, Jun  5 2025, 13:12:00) [GCC 11.2.0]
2025-06-27 12:23:55,281 - [32mINFO[0m - Platform: Linux-6.11.0-26-generic-x86_64-with-glibc2.39
2025-06-27 12:23:55,281 - [32mINFO[0m - Working directory: /home/hlifchit/projects/twissting_baby
2025-06-27 12:23:55,281 - [32mINFO[0m - Starting TWISSTNTERN analysis
2025-06-27 12:23:55,281 - [32mINFO[0m - Input file: /home/hlifchit/projects/twissting_baby/csv files/samples_14.6_testing_NN/ne0.25.csv
2025-06-27 12:23:55,281 - [32mINFO[0m - Output directory: Results
2025-06-27 12:23:55,281 - [32mINFO[0m - granularity: 0.05
2025-06-27 12:23:55,281 - [32mINFO[0m - verbose: False
2025-06-27 12:23:55,282 - [32mINFO[0m - Output directory: Results
2025-06-27 12:23:55,282 - [32mINFO[0m - Detected file type: csv
2025-06-27 12:23:55,282 - [32mINFO[0m - Using CSV file directly for analysis
2025-06-27 12:23:55,282 - [32mINFO[0m - Loading data from: /home/hlifchit/projects/twissting_baby/csv files/samples_14.6_testing_NN/ne0.25.csv
2025-06-27 12:23:55,282 - [32mINFO[0m - No topology header row detected. Assuming columns are T1, T2, T3 (in order).
2025-06-27 12:24:02,379 - [32mINFO[0m - Loaded data shape: (29636, 3)
2025-06-27 12:24:02,379 - [32mINFO[0m - Running triangle analysis...
2025-06-27 12:24:02,553 - [32mINFO[0m - Triangle analysis completed. Results shape: (190, 7)
2025-06-27 12:24:02,553 - [32mINFO[0m - Running fundamental asymmetry analysis...
2025-06-27 12:24:02,554 - [32mINFO[0m - ============================================================
2025-06-27 12:24:02,554 - [32mINFO[0m - FUNDAMENTAL ASYMMETRY RESULTS
2025-06-27 12:24:02,554 - [32mINFO[0m - ============================================================
2025-06-27 12:24:02,554 - [32mINFO[0m - Data file used: /home/hlifchit/projects/twissting_baby/csv files/samples_14.6_testing_NN/ne0.25.csv
2025-06-27 12:24:02,554 - [32mINFO[0m - Total data points before downsampling: 29636
2025-06-27 12:24:02,554 - [32mINFO[0m - Total data points used in symmetry analysis: 29636 (n_right + n_left = 29636)
2025-06-27 12:24:02,554 - [32mINFO[0m - Note: 0 data points were filtered out (where T2 = T3, which fall exactly on the y-axis in ternary space)
2025-06-27 12:24:02,554 - [32mINFO[0m - n_right: 14749
2025-06-27 12:24:02,554 - [32mINFO[0m - n_left: 14887
2025-06-27 12:24:02,554 - [32mINFO[0m - D_LR: -0.0047
2025-06-27 12:24:02,554 - [32mINFO[0m - G-test: 0.6426
2025-06-27 12:24:02,554 - [32mINFO[0m - p-value: 4.2277e-01
2025-06-27 12:24:02,554 - [32mINFO[0m - ============================================================
2025-06-27 12:24:02,554 - [32mINFO[0m - Generating visualizations...
2025-06-27 12:24:05,304 - [32mINFO[0m - Saving results...
2025-06-27 12:24:05,307 - [32mINFO[0m - Saved triangle analysis results to: Results/ne0.25_triangle_analysis_0.05.csv
2025-06-27 12:24:05,307 - [32mINFO[0m - Analysis pipeline completed successfully!
2025-06-27 12:24:05,307 - [32mINFO[0m - ============================================================
2025-06-27 12:24:05,307 - [32mINFO[0m - Analysis completed successfully!
2025-06-27 12:24:05,307 - [32mINFO[0m - Total duration: 10.03 seconds
2025-06-27 12:24:05,307 - [32mINFO[0m - Generated files:
2025-06-27 12:24:05,307 - [32mINFO[0m -   ✓ Results/ne0.25_index_granularity_0.05.png (578,254 bytes)
2025-06-27 12:24:05,307 - [32mINFO[0m -   ✓ Results/ne0.25_triangle_analysis_0.05.csv (13,426 bytes)
2025-06-27 12:24:05,307 - [32mINFO[0m -   ✓ Results/ne0.25_fundamental_asymmetry.png (103,083 bytes)
2025-06-27 12:24:05,307 - [32mINFO[0m -   ✓ Results/ne0.25_heatmap_count_granularity_0.05.png (541,318 bytes)
2025-06-27 12:24:05,307 - [32mINFO[0m -   ✓ Results/twisstntern_20250627_122355.log (4,017 bytes)
2025-06-27 12:24:05,308 - [32mINFO[0m -   ✓ Results/ne0.25_analysis_granularity_0.05.png (486,464 bytes)
2025-06-27 12:24:05,308 - [32mINFO[0m -   ✓ Results/ne0.25_granuality_0.05.png (2,540,693 bytes)
2025-06-27 12:24:05,308 - [32mINFO[0m - ============================================================
