2025-06-18 15:18:39,644 - [32mINFO[0m - ============================================================
2025-06-18 15:18:39,644 - [32mINFO[0m - TWISSTNTERN Analysis Session
2025-06-18 15:18:39,644 - [32mINFO[0m - ============================================================
2025-06-18 15:18:39,644 - [32mINFO[0m - Python version: 3.10.12 (main, May 27 2025, 17:12:29) [GCC 11.4.0]
2025-06-18 15:18:39,655 - [32mINFO[0m - Platform: Linux-5.15.0-141-generic-x86_64-with-glibc2.35
2025-06-18 15:18:39,656 - [32mINFO[0m - Working directory: /home/hlifchit/twisstntern2.0
2025-06-18 15:18:39,656 - [32mINFO[0m - Starting TWISSTNTERN analysis
2025-06-18 15:18:39,656 - [32mINFO[0m - Input file: /home/hlifchit/twisstntern2.0/treeSfiles/CHROM_pop.nexus
2025-06-18 15:18:39,656 - [32mINFO[0m - Output directory: Results
2025-06-18 15:18:39,656 - [32mINFO[0m - granularity: 0.1
2025-06-18 15:18:39,656 - [32mINFO[0m - verbose: False
2025-06-18 15:18:39,657 - [32mINFO[0m - Output directory: Results
2025-06-18 15:18:39,657 - [32mINFO[0m - Detected file type: tree
2025-06-18 15:18:39,657 - [32mINFO[0m - Processing tree file to generate topology weights...
2025-06-18 15:19:07,863 - [32mINFO[0m - Detected tree format: newick
2025-06-18 15:19:07,863 - [31mERROR[0m - Taxon names are required for Newick files
2025-06-18 15:19:07,863 - [31mERROR[0m - Error in main analysis: ❌ Taxon names are required for Newick files!
   Use --taxon-names to specify population names, e.g.:
   --taxon-names O,P1,P2,P3
   
   For Newick files, you must explicitly specify which population names
   correspond to your tree samples (e.g., O_1, P1_5 → populations O, P1)
2025-06-18 15:19:07,863 - [35mCRITICAL[0m - Analysis failed. Check the log for details.
