2025-06-18 15:19:32,378 - [32mINFO[0m - ============================================================
2025-06-18 15:19:32,379 - [32mINFO[0m - TWISSTNTERN Analysis Session
2025-06-18 15:19:32,379 - [32mINFO[0m - ============================================================
2025-06-18 15:19:32,379 - [32mINFO[0m - Python version: 3.10.12 (main, May 27 2025, 17:12:29) [GCC 11.4.0]
2025-06-18 15:19:32,388 - [32mINFO[0m - Platform: Linux-5.15.0-141-generic-x86_64-with-glibc2.35
2025-06-18 15:19:32,388 - [32mINFO[0m - Working directory: /home/hlifchit/twisstntern2.0
2025-06-18 15:19:32,389 - [32mINFO[0m - Starting TWISSTNTERN analysis
2025-06-18 15:19:32,389 - [32mINFO[0m - Input file: /home/hlifchit/twisstntern2.0/treeSfiles/CHROM_pop.nexus
2025-06-18 15:19:32,389 - [32mINFO[0m - Output directory: Results
2025-06-18 15:19:32,389 - [32mINFO[0m - granularity: 0.1
2025-06-18 15:19:32,389 - [32mINFO[0m - taxon_names: ['O', 'P1', 'P2', 'P3']
2025-06-18 15:19:32,389 - [32mINFO[0m - outgroup: O
2025-06-18 15:19:32,389 - [32mINFO[0m - verbose: False
2025-06-18 15:19:32,389 - [32mINFO[0m - Output directory: Results
2025-06-18 15:19:32,389 - [32mINFO[0m - Detected file type: tree
2025-06-18 15:19:32,390 - [32mINFO[0m - Processing tree file to generate topology weights...
2025-06-18 15:19:59,995 - [32mINFO[0m - Detected tree format: newick
2025-06-18 15:19:59,995 - [32mINFO[0m - Using taxon names: ['O', 'P1', 'P2', 'P3']
2025-06-18 15:19:59,995 - [32mINFO[0m - Using outgroup: O
2025-06-18 15:19:59,995 - [32mINFO[0m - Converting trees to topology weights...
2025-06-18 15:22:13,399 - INFO - Newick file topologies (default order)
2025-06-18 15:22:13,399 - INFO - ==================================================
2025-06-18 15:22:13,399 - INFO - T1:
2025-06-18 15:22:13,399 - INFO -   String: (O,(P1,(P2,P3)));
2025-06-18 15:22:13,399 - INFO -   ASCII Tree:
2025-06-18 15:22:13,399 - INFO -        /-O
2025-06-18 15:22:13,399 - INFO -     --|
2025-06-18 15:22:13,399 - INFO -       |   /-P1
2025-06-18 15:22:13,399 - INFO -        \-|
2025-06-18 15:22:13,399 - INFO -          |   /-P2
2025-06-18 15:22:13,399 - INFO -           \-|
2025-06-18 15:22:13,399 - INFO -              \-P3
2025-06-18 15:22:13,399 - INFO - 
2025-06-18 15:22:13,399 - INFO - T2:
2025-06-18 15:22:13,399 - INFO -   String: (O,(P2,(P1,P3)));
2025-06-18 15:22:13,399 - INFO -   ASCII Tree:
2025-06-18 15:22:13,400 - INFO -        /-O
2025-06-18 15:22:13,400 - INFO -     --|
2025-06-18 15:22:13,400 - INFO -       |   /-P2
2025-06-18 15:22:13,400 - INFO -        \-|
2025-06-18 15:22:13,400 - INFO -          |   /-P1
2025-06-18 15:22:13,400 - INFO -           \-|
2025-06-18 15:22:13,400 - INFO -              \-P3
2025-06-18 15:22:13,400 - INFO - 
2025-06-18 15:22:13,400 - INFO - T3:
2025-06-18 15:22:13,400 - INFO -   String: (O,(P3,(P1,P2)));
2025-06-18 15:22:13,400 - INFO -   ASCII Tree:
2025-06-18 15:22:13,400 - INFO -        /-O
2025-06-18 15:22:13,400 - INFO -     --|
2025-06-18 15:22:13,400 - INFO -       |   /-P3
2025-06-18 15:22:13,400 - INFO -        \-|
2025-06-18 15:22:13,400 - INFO -          |   /-P1
2025-06-18 15:22:13,400 - INFO -           \-|
2025-06-18 15:22:13,400 - INFO -              \-P2
2025-06-18 15:22:13,400 - INFO - 
2025-06-18 15:22:13,400 - INFO - ==================================================
2025-06-18 15:22:13,444 - [32mINFO[0m - Generated topology weights CSV: Results/CHROM_pop_topology_weights.csv
2025-06-18 15:22:13,444 - [32mINFO[0m - Loading data from: Results/CHROM_pop_topology_weights.csv
2025-06-18 15:22:18,629 - [32mINFO[0m - Loaded data shape: (11617, 3)
2025-06-18 15:22:18,629 - [32mINFO[0m - Running triangle analysis...
2025-06-18 15:22:18,922 - [32mINFO[0m - Triangle analysis completed. Results shape: (45, 7)
2025-06-18 15:22:18,922 - [32mINFO[0m - Running fundamental asymmetry analysis...
2025-06-18 15:22:18,926 - [32mINFO[0m - Fundamental asymmetry: D_LR=0.3422, p-value=0.0000e+00
2025-06-18 15:22:18,926 - [32mINFO[0m - Generating visualizations...
2025-06-18 15:22:24,267 - [32mINFO[0m - Saving results...
2025-06-18 15:22:24,269 - [32mINFO[0m - Saved triangle analysis results to: Results/CHROM_pop_triangle_analysis.csv
2025-06-18 15:22:24,269 - [32mINFO[0m - Analysis pipeline completed successfully!
2025-06-18 15:22:24,270 - [32mINFO[0m - ============================================================
2025-06-18 15:22:24,270 - [32mINFO[0m - Analysis completed successfully!
2025-06-18 15:22:24,270 - [32mINFO[0m - Total duration: 171.88 seconds
2025-06-18 15:22:24,270 - [32mINFO[0m - Generated files:
2025-06-18 15:22:24,271 - [32mINFO[0m -   ✓ Results/CHROM_pop_fundamental_asymmetry.png (78,615 bytes)
2025-06-18 15:22:24,271 - [32mINFO[0m -   ✓ Results/CHROM_pop_index_granularity_0.1.png (288,096 bytes)
2025-06-18 15:22:24,271 - [32mINFO[0m -   ✓ Results/CHROM_pop_topology_weights.csv (233,092 bytes)
2025-06-18 15:22:24,271 - [32mINFO[0m -   ✓ Results/twisstntern_20250618_151839.log (1,768 bytes)
2025-06-18 15:22:24,271 - [32mINFO[0m -   ✓ Results/CHROM_pop_granuality_0.1.png (1,328,494 bytes)
2025-06-18 15:22:24,271 - [32mINFO[0m -   ✓ Results/CHROM_pop_triangle_analysis.csv (3,017 bytes)
2025-06-18 15:22:24,272 - [32mINFO[0m -   ✓ Results/twisstntern_20250618_151932.log (5,258 bytes)
2025-06-18 15:22:24,272 - [32mINFO[0m -   ✓ Results/CHROM_pop_analysis_granularity_0.1.png (284,303 bytes)
2025-06-18 15:22:24,272 - [32mINFO[0m - ============================================================
