2025-06-26 12:42:45,126 - [32mINFO[0m - ============================================================
2025-06-26 12:42:45,127 - [32mINFO[0m - TWISSTNTERN Analysis Session
2025-06-26 12:42:45,128 - [32mINFO[0m - ============================================================
2025-06-26 12:42:45,128 - [32mINFO[0m - Python version: 3.11.13 (main, Jun  5 2025, 13:12:00) [GCC 11.2.0]
2025-06-26 12:42:45,131 - [32mINFO[0m - Platform: Linux-6.11.0-26-generic-x86_64-with-glibc2.39
2025-06-26 12:42:45,131 - [32mINFO[0m - Working directory: /home/hlifchit/projects/twissting_baby
2025-06-26 12:42:45,131 - [32mINFO[0m - Starting TWISSTNTERN analysis
2025-06-26 12:42:45,131 - [32mINFO[0m - Input file: /home/hlifchit/projects/twissting_baby/dataCompare/migration_topology_weights.csv
2025-06-26 12:42:45,131 - [32mINFO[0m - Output directory: Results
2025-06-26 12:42:45,131 - [32mINFO[0m - granularity: 0.05
2025-06-26 12:42:45,131 - [32mINFO[0m - verbose: False
2025-06-26 12:42:45,131 - [32mINFO[0m - Output directory: Results
2025-06-26 12:42:45,131 - [32mINFO[0m - Detected file type: csv
2025-06-26 12:42:45,131 - [32mINFO[0m - Using CSV file directly for analysis
2025-06-26 12:42:45,131 - [32mINFO[0m - Loading data from: /home/hlifchit/projects/twissting_baby/dataCompare/migration_topology_weights.csv
2025-06-26 12:42:45,132 - [32mINFO[0m - No topology header row detected. Assuming columns are T1, T2, T3 (in order).
2025-06-26 12:42:47,839 - [32mINFO[0m - Loaded data shape: (11303, 3)
2025-06-26 12:42:47,840 - [32mINFO[0m - Running triangle analysis...
2025-06-26 12:42:48,021 - [32mINFO[0m - Triangle analysis completed. Results shape: (190, 7)
2025-06-26 12:42:48,021 - [32mINFO[0m - Running fundamental asymmetry analysis...
2025-06-26 12:42:48,022 - [32mINFO[0m - ============================================================
2025-06-26 12:42:48,022 - [32mINFO[0m - FUNDAMENTAL ASYMMETRY RESULTS
2025-06-26 12:42:48,022 - [32mINFO[0m - ============================================================
2025-06-26 12:42:48,022 - [32mINFO[0m - Data file used: /home/hlifchit/projects/twissting_baby/dataCompare/migration_topology_weights.csv
2025-06-26 12:42:48,022 - [32mINFO[0m - Total data points before downsampling: 11303
2025-06-26 12:42:48,022 - [32mINFO[0m - Total data points used in symmetry analysis: 11303 (n_right + n_left = 11303)
2025-06-26 12:42:48,022 - [32mINFO[0m - Note: 0 data points were filtered out (where T2 = T3, which fall exactly on the y-axis in ternary space)
2025-06-26 12:42:48,022 - [32mINFO[0m - n_right: 4336
2025-06-26 12:42:48,022 - [32mINFO[0m - n_left: 6967
2025-06-26 12:42:48,022 - [32mINFO[0m - D_LR: -0.2328
2025-06-26 12:42:48,023 - [32mINFO[0m - G-test: nan
2025-06-26 12:42:48,023 - [32mINFO[0m - p-value: 0.0000e+00
2025-06-26 12:42:48,023 - [32mINFO[0m - ============================================================
2025-06-26 12:42:48,023 - [32mINFO[0m - Generating visualizations...
2025-06-26 12:42:50,419 - [32mINFO[0m - Saving results...
2025-06-26 12:42:50,420 - [32mINFO[0m - Saved triangle analysis results to: Results/migration_topology_weights_triangle_analysis.csv
2025-06-26 12:42:50,420 - [32mINFO[0m - Analysis pipeline completed successfully!
2025-06-26 12:42:50,420 - [32mINFO[0m - ============================================================
2025-06-26 12:42:50,420 - [32mINFO[0m - Analysis completed successfully!
2025-06-26 12:42:50,420 - [32mINFO[0m - Total duration: 5.29 seconds
2025-06-26 12:42:50,420 - [32mINFO[0m - Generated files:
2025-06-26 12:42:50,420 - [32mINFO[0m -   ✓ Results/twisstntern_20250626_124245.log (3,590 bytes)
2025-06-26 12:42:50,421 - [32mINFO[0m -   ✓ Results/migration_topology_weights_fundamental_asymmetry.png (105,928 bytes)
2025-06-26 12:42:50,421 - [32mINFO[0m -   ✓ Results/migration_topology_weights_granuality_0.1.png (985,015 bytes)
2025-06-26 12:42:50,421 - [32mINFO[0m -   ✓ Results/twisstntern_20250626_124212.log (4,525 bytes)
2025-06-26 12:42:50,421 - [32mINFO[0m -   ✓ Results/migration_topology_weights_index_granularity_0.05.png (578,254 bytes)
2025-06-26 12:42:50,421 - [32mINFO[0m -   ✓ Results/migration_topology_weights_heatmap_count.png (578,722 bytes)
2025-06-26 12:42:50,421 - [32mINFO[0m -   ✓ Results/migration_topology_weights_triangle_analysis.csv (11,962 bytes)
2025-06-26 12:42:50,421 - [32mINFO[0m -   ✓ Results/migration_topology_weights_granuality_0.05.png (988,116 bytes)
2025-06-26 12:42:50,421 - [32mINFO[0m -   ✓ Results/migration_topology_weights_index_granularity_0.1.png (288,097 bytes)
2025-06-26 12:42:50,421 - [32mINFO[0m -   ✓ Results/migration_topology_weights_analysis_granularity_0.1.png (332,302 bytes)
2025-06-26 12:42:50,421 - [32mINFO[0m -   ✓ Results/migration_topology_weights_analysis_granularity_0.05.png (558,074 bytes)
2025-06-26 12:42:50,421 - [32mINFO[0m - ============================================================
