2025-06-19 09:46:15,399 - [32mINFO[0m - ============================================================
2025-06-19 09:46:15,399 - [32mINFO[0m - TWISSTNTERN Analysis Session
2025-06-19 09:46:15,399 - [32mINFO[0m - ============================================================
2025-06-19 09:46:15,399 - [32mINFO[0m - Python version: 3.10.12 (main, May 27 2025, 17:12:29) [GCC 11.4.0]
2025-06-19 09:46:15,404 - [32mINFO[0m - Platform: Linux-5.15.0-141-generic-x86_64-with-glibc2.35
2025-06-19 09:46:15,404 - [32mINFO[0m - Working directory: /home/hlifchit/twisstntern2.0
2025-06-19 09:46:15,404 - [32mINFO[0m - Starting TWISSTNTERN analysis
2025-06-19 09:46:15,404 - [32mINFO[0m - Input file: /home/hlifchit/twisstntern2.0/config_template.yaml
2025-06-19 09:46:15,404 - [32mINFO[0m - Output directory: ResultsNm
2025-06-19 09:46:15,404 - [32mINFO[0m - granularity: 0.1
2025-06-19 09:46:15,404 - [32mINFO[0m - topology_mapping: T1=(0,(1,(2,3))); T2=(0,(3,(1,2))); T3=(0,(2,(1,3)));
2025-06-19 09:46:15,404 - [32mINFO[0m - verbose: False
2025-06-19 09:46:15,404 - [32mINFO[0m - ---------------------------------------------------------
2025-06-19 09:46:15,404 - [32mINFO[0m - Starting twisstntern_simulate pipeline
2025-06-19 09:46:15,404 - [32mINFO[0m - ---------------------------------------------------------
2025-06-19 09:46:15,404 - [32mINFO[0m - Loading configuration...
2025-06-19 09:46:15,412 - [32mINFO[0m - Configuration loaded - Mode: chromosome, Seed: 4576
2025-06-19 09:46:15,412 - [32mINFO[0m - ============================================================
2025-06-19 09:46:15,412 - [32mINFO[0m - SIMULATION CONFIGURATION
2025-06-19 09:46:15,413 - [32mINFO[0m - ============================================================
2025-06-19 09:46:15,413 - [32mINFO[0m - Simulation mode: chromosome
2025-06-19 09:46:15,413 - [32mINFO[0m - Random seed: 4576
2025-06-19 09:46:15,413 - [32mINFO[0m - Number of populations: 7
2025-06-19 09:46:15,413 - [32mINFO[0m -   O (Outgroup): Ne=1000.0, samples=10
2025-06-19 09:46:15,413 - [32mINFO[0m -   p1 (Population 1): Ne=1000.0, samples=10
2025-06-19 09:46:15,413 - [32mINFO[0m -   p2 (Population 2): Ne=1000.0, samples=10
2025-06-19 09:46:15,413 - [32mINFO[0m -   p3 (Population 3): Ne=1000.0, samples=10
2025-06-19 09:46:15,413 - [32mINFO[0m -   p23 (Ancestor p2/p3): Ne=1000.0 (ancestral)
2025-06-19 09:46:15,413 - [32mINFO[0m -   p123 (Ancestor p1/p2/p3): Ne=1000.0 (ancestral)
2025-06-19 09:46:15,413 - [32mINFO[0m -   ANC (Ancestral): Ne=1000.0 (ancestral)
2025-06-19 09:46:15,413 - [32mINFO[0m - Migration rates:
2025-06-19 09:46:15,413 - [32mINFO[0m -   p1>p2 (Population 1 → Population 2): 0.0
2025-06-19 09:46:15,413 - [32mINFO[0m -   p2>p1 (Population 2 → Population 1): 0.0
2025-06-19 09:46:15,413 - [32mINFO[0m -   p1>p3 (Population 1 → Population 3): 0.0
2025-06-19 09:46:15,413 - [32mINFO[0m -   p3>p1 (Population 3 → Population 1): 0.0
2025-06-19 09:46:15,413 - [32mINFO[0m -   p2>p3 (Population 2 → Population 3): 0.0
2025-06-19 09:46:15,413 - [32mINFO[0m -   p3>p2 (Population 3 → Population 2): 0.0
2025-06-19 09:46:15,413 - [32mINFO[0m -   O>p1 (Outgroup → Population 1): 0.0
2025-06-19 09:46:15,413 - [32mINFO[0m -   p1>O (Population 1 → Outgroup): 0.0
2025-06-19 09:46:15,413 - [32mINFO[0m -   O>p2 (Outgroup → Population 2): 0.0
2025-06-19 09:46:15,413 - [32mINFO[0m -   p2>O (Population 2 → Outgroup): 0.0
2025-06-19 09:46:15,413 - [32mINFO[0m -   O>p3 (Outgroup → Population 3): 0.0
2025-06-19 09:46:15,413 - [32mINFO[0m -   p3>O (Population 3 → Outgroup): 0.0
2025-06-19 09:46:15,413 - [32mINFO[0m -   p23>p1 (Ancestor p2/p3 → Population 1): 0.0
2025-06-19 09:46:15,413 - [32mINFO[0m -   p1>p23 (Population 1 → Ancestor p2/p3): 0.0
2025-06-19 09:46:15,413 - [32mINFO[0m -   O>p123 (Outgroup → Ancestor p1/p2/p3): 0.0
2025-06-19 09:46:15,413 - [32mINFO[0m -   p123>O (Ancestor p1/p2/p3 → Outgroup): 0.0
2025-06-19 09:46:15,413 - [32mINFO[0m - Chromosome length: 100000000.0
2025-06-19 09:46:15,413 - [32mINFO[0m - Recombination rate: 1e-08
2025-06-19 09:46:15,413 - [32mINFO[0m - Mutation rate: 0
2025-06-19 09:46:15,413 - [32mINFO[0m - Ploidy: 1
2025-06-19 09:46:15,413 - [32mINFO[0m - Command-line overrides applied:
2025-06-19 09:46:15,413 - [32mINFO[0m -   topology_mapping: T1=(0,(1,(2,3))); T2=(0,(3,(1,2))); T3=(0,(2,(1,3)));
2025-06-19 09:46:15,413 - [32mINFO[0m - ============================================================
2025-06-19 09:46:15,413 - [32mINFO[0m - Running msprime simulation...
2025-06-19 09:46:17,869 - [32mINFO[0m - Simulation completed
2025-06-19 09:46:17,869 - [32mINFO[0m - Trees saved to: ResultsNm/chromosome_trees.newick
2025-06-19 09:46:17,869 - [32mINFO[0m - Checking twisst availability...
2025-06-19 09:46:17,869 - [32mINFO[0m - Processing tree sequences...
2025-06-19 09:47:05,264 - INFO - Applied topology mapping
2025-06-19 09:47:05,264 - INFO - ==================================================
2025-06-19 09:47:05,264 - INFO - Population Legend:
2025-06-19 09:47:05,264 - INFO - --------------------
2025-06-19 09:47:05,264 - INFO -   0 = Outgroup
2025-06-19 09:47:05,264 - INFO -   1 = Population 1
2025-06-19 09:47:05,264 - INFO -   2 = Population 2
2025-06-19 09:47:05,264 - INFO -   3 = Population 3
2025-06-19 09:47:05,264 - INFO - 
2025-06-19 09:47:05,264 - INFO - T1:
2025-06-19 09:47:05,264 - INFO -   String: (0,(1,(2,3)));
2025-06-19 09:47:05,264 - INFO -   ASCII Tree:
2025-06-19 09:47:05,264 - INFO -        /-0
2025-06-19 09:47:05,264 - INFO -     --|
2025-06-19 09:47:05,264 - INFO -       |   /-1
2025-06-19 09:47:05,264 - INFO -        \-|
2025-06-19 09:47:05,264 - INFO -          |   /-2
2025-06-19 09:47:05,264 - INFO -           \-|
2025-06-19 09:47:05,264 - INFO -              \-3
2025-06-19 09:47:05,264 - INFO - 
2025-06-19 09:47:05,264 - INFO - T2:
2025-06-19 09:47:05,264 - INFO -   String: (0,(3,(1,2)));
2025-06-19 09:47:05,264 - INFO -   ASCII Tree:
2025-06-19 09:47:05,264 - INFO -        /-0
2025-06-19 09:47:05,264 - INFO -     --|
2025-06-19 09:47:05,264 - INFO -       |   /-3
2025-06-19 09:47:05,264 - INFO -        \-|
2025-06-19 09:47:05,264 - INFO -          |   /-1
2025-06-19 09:47:05,264 - INFO -           \-|
2025-06-19 09:47:05,264 - INFO -              \-2
2025-06-19 09:47:05,264 - INFO - 
2025-06-19 09:47:05,264 - INFO - T3:
2025-06-19 09:47:05,264 - INFO -   String: (0,(2,(1,3)));
2025-06-19 09:47:05,264 - INFO -   ASCII Tree:
2025-06-19 09:47:05,264 - INFO -        /-0
2025-06-19 09:47:05,264 - INFO -     --|
2025-06-19 09:47:05,264 - INFO -       |   /-2
2025-06-19 09:47:05,264 - INFO -        \-|
2025-06-19 09:47:05,264 - INFO -          |   /-1
2025-06-19 09:47:05,264 - INFO -           \-|
2025-06-19 09:47:05,264 - INFO -              \-3
2025-06-19 09:47:05,264 - INFO - 
2025-06-19 09:47:05,264 - INFO - ==================================================
2025-06-19 09:47:05,282 - [32mINFO[0m - Tree processing completed - weights saved to: ResultsNm/chromosome_topology_weights.csv
2025-06-19 09:47:05,282 - [32mINFO[0m - Running triangle analysis...
2025-06-19 09:47:05,348 - [32mINFO[0m - Running fundamental asymmetry analysis...
2025-06-19 09:47:05,349 - [32mINFO[0m - ============================================================
2025-06-19 09:47:05,349 - [32mINFO[0m - FUNDAMENTAL ASYMMETRY RESULTS
2025-06-19 09:47:05,349 - [32mINFO[0m - ============================================================
2025-06-19 09:47:05,349 - [32mINFO[0m - Data file used: ResultsNm/chromosome_topology_weights.csv
2025-06-19 09:47:05,349 - [32mINFO[0m - Total trees computed: 11573 (n_right + n_left = 11559)
2025-06-19 09:47:05,349 - [32mINFO[0m - Note: 14 trees were filtered out (trees where T2 = T3, which fall exactly on the y-axis in ternary space)
2025-06-19 09:47:05,349 - [32mINFO[0m - n_right: 5823
2025-06-19 09:47:05,349 - [32mINFO[0m - n_left: 5736
2025-06-19 09:47:05,349 - [32mINFO[0m - D_LR: 0.0075
2025-06-19 09:47:05,349 - [32mINFO[0m - G-test: 0.6548
2025-06-19 09:47:05,350 - [32mINFO[0m - p-value: 4.1839e-01
2025-06-19 09:47:05,350 - [32mINFO[0m - ============================================================
2025-06-19 09:47:05,350 - [32mINFO[0m - Generating visualizations...
2025-06-19 09:47:06,782 - [32mINFO[0m - Saved triangle analysis results to: ResultsNm/chromosome_triangle_analysis.csv
2025-06-19 09:47:06,782 - [32mINFO[0m - Analysis pipeline completed successfully!
2025-06-19 09:47:06,782 - [32mINFO[0m - Pipeline completed successfully - Results in: ResultsNm
2025-06-19 09:47:06,782 - [32mINFO[0m - ============================================================
2025-06-19 09:47:06,782 - [32mINFO[0m - Analysis completed successfully!
2025-06-19 09:47:06,782 - [32mINFO[0m - Total duration: 51.38 seconds
2025-06-19 09:47:06,782 - [32mINFO[0m - Generated files:
2025-06-19 09:47:06,782 - [32mINFO[0m -   ✓ ResultsNm/chromosome_analysis_granularity_0.1.png (280,516 bytes)
2025-06-19 09:47:06,782 - [32mINFO[0m -   ✓ ResultsNm/twisstntern_20250619_094615.log (9,071 bytes)
2025-06-19 09:47:06,782 - [32mINFO[0m -   ✓ ResultsNm/chromosome_index_granularity_0.1.png (288,096 bytes)
2025-06-19 09:47:06,783 - [32mINFO[0m -   ✓ ResultsNm/chromosome_trees.newick (19,762,665 bytes)
2025-06-19 09:47:06,783 - [32mINFO[0m -   ✓ ResultsNm/chromosome_fundamental_asymmetry.png (77,149 bytes)
2025-06-19 09:47:06,783 - [32mINFO[0m -   ✓ ResultsNm/chromosome_granuality_0.1.png (1,350,227 bytes)
2025-06-19 09:47:06,783 - [32mINFO[0m -   ✓ ResultsNm/chromosome_topology_weights.csv (231,309 bytes)
2025-06-19 09:47:06,783 - [32mINFO[0m -   ✓ ResultsNm/chromosome_triangle_analysis.csv (3,034 bytes)
2025-06-19 09:47:06,783 - [32mINFO[0m - ============================================================
